{"E:\\xiangmu\\WebYingYongProjects\\daxiangmu\\frontend\\src\\App.jsx": {"path":"E:\\xiangmu\\WebYingYongProjects\\daxiangmu\\frontend\\src\\App.jsx","statementMap":{"0":{"start":{"line":11,"column":43},"end":{"line":11,"column":null}},"1":{"start":{"line":12,"column":18},"end":{"line":12,"column":null}},"2":{"start":{"line":15,"column":2},"end":{"line":18,"column":null}},"3":{"start":{"line":23,"column":18},"end":{"line":23,"column":null}},"4":{"start":{"line":24,"column":8},"end":{"line":24,"column":null}},"5":{"start":{"line":25,"column":8},"end":{"line":25,"column":null}},"6":{"start":{"line":26,"column":8},"end":{"line":26,"column":null}},"7":{"start":{"line":28,"column":8},"end":{"line":28,"column":null}},"8":{"start":{"line":28,"column":42},"end":{"line":28,"column":55}},"9":{"start":{"line":29,"column":8},"end":{"line":29,"column":null}},"10":{"start":{"line":29,"column":37},"end":{"line":29,"column":45}},"11":{"start":{"line":30,"column":8},"end":{"line":30,"column":null}},"12":{"start":{"line":30,"column":41},"end":{"line":30,"column":53}},"13":{"start":{"line":31,"column":8},"end":{"line":31,"column":null}},"14":{"start":{"line":31,"column":46},"end":{"line":31,"column":63}},"15":{"start":{"line":32,"column":8},"end":{"line":32,"column":null}},"16":{"start":{"line":32,"column":45},"end":{"line":32,"column":61}},"17":{"start":{"line":33,"column":8},"end":{"line":33,"column":null}},"18":{"start":{"line":33,"column":50},"end":{"line":33,"column":63}},"19":{"start":{"line":34,"column":8},"end":{"line":34,"column":null}},"20":{"start":{"line":34,"column":52},"end":{"line":34,"column":67}},"21":{"start":{"line":35,"column":8},"end":{"line":35,"column":null}},"22":{"start":{"line":35,"column":52},"end":{"line":35,"column":67}},"23":{"start":{"line":36,"column":8},"end":{"line":36,"column":null}},"24":{"start":{"line":36,"column":55},"end":{"line":36,"column":73}},"25":{"start":{"line":37,"column":8},"end":{"line":37,"column":null}},"26":{"start":{"line":37,"column":57},"end":{"line":37,"column":77}},"27":{"start":{"line":39,"column":19},"end":{"line":39,"column":null}},"28":{"start":{"line":40,"column":31},"end":{"line":40,"column":null}},"29":{"start":{"line":42,"column":8},"end":{"line":49,"column":null}},"30":{"start":{"line":43,"column":4},"end":{"line":48,"column":null}},"31":{"start":{"line":44,"column":6},"end":{"line":44,"column":null}},"32":{"start":{"line":44,"column":20},"end":{"line":44,"column":null}},"33":{"start":{"line":45,"column":23},"end":{"line":45,"column":null}},"34":{"start":{"line":46,"column":25},"end":{"line":46,"column":null}},"35":{"start":{"line":47,"column":6},"end":{"line":47,"column":null}},"36":{"start":{"line":51,"column":32},"end":{"line":51,"column":null}},"37":{"start":{"line":52,"column":46},"end":{"line":52,"column":null}},"38":{"start":{"line":53,"column":52},"end":{"line":53,"column":null}},"39":{"start":{"line":55,"column":18},"end":{"line":55,"column":null}},"40":{"start":{"line":57,"column":2},"end":{"line":60,"column":null}},"41":{"start":{"line":58,"column":4},"end":{"line":58,"column":null}},"42":{"start":{"line":59,"column":4},"end":{"line":59,"column":null}},"43":{"start":{"line":62,"column":2},"end":{"line":68,"column":null}},"44":{"start":{"line":63,"column":4},"end":{"line":67,"column":null}},"45":{"start":{"line":64,"column":6},"end":{"line":64,"column":null}},"46":{"start":{"line":65,"column":6},"end":{"line":65,"column":null}},"47":{"start":{"line":66,"column":6},"end":{"line":66,"column":null}},"48":{"start":{"line":70,"column":25},"end":{"line":73,"column":null}},"49":{"start":{"line":71,"column":4},"end":{"line":71,"column":null}},"50":{"start":{"line":72,"column":4},"end":{"line":72,"column":null}},"51":{"start":{"line":75,"column":23},"end":{"line":81,"column":null}},"52":{"start":{"line":77,"column":62},"end":{"line":77,"column":83}},"53":{"start":{"line":78,"column":62},"end":{"line":78,"column":83}},"54":{"start":{"line":79,"column":62},"end":{"line":79,"column":83}},"55":{"start":{"line":83,"column":20},"end":{"line":106,"column":null}},"56":{"start":{"line":108,"column":26},"end":{"line":110,"column":null}},"57":{"start":{"line":109,"column":4},"end":{"line":109,"column":null}},"58":{"start":{"line":112,"column":2},"end":{"line":218,"column":null}},"59":{"start":{"line":129,"column":23},"end":{"line":129,"column":null}},"60":{"start":{"line":155,"column":27},"end":{"line":155,"column":null}},"61":{"start":{"line":179,"column":43},"end":{"line":179,"column":53}},"62":{"start":{"line":179,"column":53},"end":{"line":179,"column":68}},"63":{"start":{"line":185,"column":41},"end":{"line":185,"column":68}},"64":{"start":{"line":186,"column":56},"end":{"line":186,"column":86}},"65":{"start":{"line":196,"column":36},"end":{"line":196,"column":null}},"66":{"start":{"line":197,"column":28},"end":{"line":197,"column":null}},"67":{"start":{"line":199,"column":14},"end":{"line":203,"column":null}},"68":{"start":{"line":200,"column":16},"end":{"line":200,"column":null}},"69":{"start":{"line":201,"column":14},"end":{"line":203,"column":null}},"70":{"start":{"line":202,"column":16},"end":{"line":202,"column":null}},"71":{"start":{"line":205,"column":14},"end":{"line":205,"column":null}},"72":{"start":{"line":215,"column":70},"end":{"line":215,"column":98}},"73":{"start":{"line":216,"column":76},"end":{"line":216,"column":107}}},"fnMap":{"0":{"name":"LazyPage","decl":{"start":{"line":14,"column":9},"end":{"line":14,"column":18}},"loc":{"start":{"line":14,"column":33},"end":{"line":20,"column":null}},"line":14},"1":{"name":"App","decl":{"start":{"line":22,"column":9},"end":{"line":22,"column":15}},"loc":{"start":{"line":22,"column":15},"end":{"line":220,"column":null}},"line":22},"2":{"name":"(anonymous_2)","decl":{"start":{"line":28,"column":35},"end":{"line":28,"column":36}},"loc":{"start":{"line":28,"column":42},"end":{"line":28,"column":55}},"line":28},"3":{"name":"(anonymous_3)","decl":{"start":{"line":29,"column":30},"end":{"line":29,"column":31}},"loc":{"start":{"line":29,"column":37},"end":{"line":29,"column":45}},"line":29},"4":{"name":"(anonymous_4)","decl":{"start":{"line":30,"column":34},"end":{"line":30,"column":35}},"loc":{"start":{"line":30,"column":41},"end":{"line":30,"column":53}},"line":30},"5":{"name":"(anonymous_5)","decl":{"start":{"line":31,"column":39},"end":{"line":31,"column":40}},"loc":{"start":{"line":31,"column":46},"end":{"line":31,"column":63}},"line":31},"6":{"name":"(anonymous_6)","decl":{"start":{"line":32,"column":38},"end":{"line":32,"column":39}},"loc":{"start":{"line":32,"column":45},"end":{"line":32,"column":61}},"line":32},"7":{"name":"(anonymous_7)","decl":{"start":{"line":33,"column":43},"end":{"line":33,"column":44}},"loc":{"start":{"line":33,"column":50},"end":{"line":33,"column":63}},"line":33},"8":{"name":"(anonymous_8)","decl":{"start":{"line":34,"column":45},"end":{"line":34,"column":46}},"loc":{"start":{"line":34,"column":52},"end":{"line":34,"column":67}},"line":34},"9":{"name":"(anonymous_9)","decl":{"start":{"line":35,"column":45},"end":{"line":35,"column":46}},"loc":{"start":{"line":35,"column":52},"end":{"line":35,"column":67}},"line":35},"10":{"name":"(anonymous_10)","decl":{"start":{"line":36,"column":48},"end":{"line":36,"column":49}},"loc":{"start":{"line":36,"column":55},"end":{"line":36,"column":73}},"line":36},"11":{"name":"(anonymous_11)","decl":{"start":{"line":37,"column":50},"end":{"line":37,"column":51}},"loc":{"start":{"line":37,"column":57},"end":{"line":37,"column":77}},"line":37},"12":{"name":"(anonymous_12)","decl":{"start":{"line":42,"column":38},"end":{"line":42,"column":44}},"loc":{"start":{"line":42,"column":44},"end":{"line":49,"column":5}},"line":42},"13":{"name":"(anonymous_13)","decl":{"start":{"line":43,"column":32},"end":{"line":43,"column":37}},"loc":{"start":{"line":43,"column":37},"end":{"line":48,"column":5}},"line":43},"14":{"name":"(anonymous_14)","decl":{"start":{"line":57,"column":12},"end":{"line":57,"column":18}},"loc":{"start":{"line":57,"column":18},"end":{"line":60,"column":5}},"line":57},"15":{"name":"(anonymous_15)","decl":{"start":{"line":62,"column":12},"end":{"line":62,"column":18}},"loc":{"start":{"line":62,"column":18},"end":{"line":68,"column":5}},"line":62},"16":{"name":"(anonymous_16)","decl":{"start":{"line":70,"column":25},"end":{"line":70,"column":26}},"loc":{"start":{"line":70,"column":34},"end":{"line":73,"column":null}},"line":70},"17":{"name":"(anonymous_17)","decl":{"start":{"line":77,"column":56},"end":{"line":77,"column":62}},"loc":{"start":{"line":77,"column":62},"end":{"line":77,"column":83}},"line":77},"18":{"name":"(anonymous_18)","decl":{"start":{"line":78,"column":56},"end":{"line":78,"column":62}},"loc":{"start":{"line":78,"column":62},"end":{"line":78,"column":83}},"line":78},"19":{"name":"(anonymous_19)","decl":{"start":{"line":79,"column":56},"end":{"line":79,"column":62}},"loc":{"start":{"line":79,"column":62},"end":{"line":79,"column":83}},"line":79},"20":{"name":"(anonymous_20)","decl":{"start":{"line":108,"column":26},"end":{"line":108,"column":27}},"loc":{"start":{"line":108,"column":39},"end":{"line":110,"column":null}},"line":108},"21":{"name":"(anonymous_21)","decl":{"start":{"line":129,"column":17},"end":{"line":129,"column":23}},"loc":{"start":{"line":129,"column":23},"end":{"line":129,"column":null}},"line":129},"22":{"name":"(anonymous_22)","decl":{"start":{"line":155,"column":21},"end":{"line":155,"column":27}},"loc":{"start":{"line":155,"column":27},"end":{"line":155,"column":null}},"line":155},"23":{"name":"(anonymous_23)","decl":{"start":{"line":179,"column":35},"end":{"line":179,"column":41}},"loc":{"start":{"line":179,"column":41},"end":{"line":179,"column":71}},"line":179},"24":{"name":"(anonymous_24)","decl":{"start":{"line":185,"column":35},"end":{"line":185,"column":41}},"loc":{"start":{"line":185,"column":41},"end":{"line":185,"column":68}},"line":185},"25":{"name":"(anonymous_25)","decl":{"start":{"line":186,"column":50},"end":{"line":186,"column":56}},"loc":{"start":{"line":186,"column":56},"end":{"line":186,"column":86}},"line":186},"26":{"name":"(anonymous_26)","decl":{"start":{"line":195,"column":29},"end":{"line":195,"column":30}},"loc":{"start":{"line":195,"column":40},"end":{"line":206,"column":13}},"line":195},"27":{"name":"(anonymous_27)","decl":{"start":{"line":215,"column":64},"end":{"line":215,"column":70}},"loc":{"start":{"line":215,"column":70},"end":{"line":215,"column":98}},"line":215},"28":{"name":"(anonymous_28)","decl":{"start":{"line":216,"column":70},"end":{"line":216,"column":76}},"loc":{"start":{"line":216,"column":76},"end":{"line":216,"column":107}},"line":216}},"branchMap":{"0":{"loc":{"start":{"line":44,"column":6},"end":{"line":44,"column":null}},"type":"if","locations":[{"start":{"line":44,"column":6},"end":{"line":44,"column":null}},{"start":{},"end":{}}],"line":44},"1":{"loc":{"start":{"line":45,"column":23},"end":{"line":45,"column":null}},"type":"binary-expr","locations":[{"start":{"line":45,"column":23},"end":{"line":45,"column":43}},{"start":{"line":45,"column":43},"end":{"line":45,"column":null}}],"line":45},"2":{"loc":{"start":{"line":47,"column":13},"end":{"line":47,"column":null}},"type":"binary-expr","locations":[{"start":{"line":47,"column":13},"end":{"line":47,"column":28}},{"start":{"line":47,"column":28},"end":{"line":47,"column":null}}],"line":47},"3":{"loc":{"start":{"line":63,"column":4},"end":{"line":67,"column":null}},"type":"if","locations":[{"start":{"line":63,"column":4},"end":{"line":67,"column":null}},{"start":{},"end":{}}],"line":63},"4":{"loc":{"start":{"line":92,"column":11},"end":{"line":92,"column":null}},"type":"binary-expr","locations":[{"start":{"line":92,"column":11},"end":{"line":92,"column":38}},{"start":{"line":92,"column":38},"end":{"line":92,"column":null}}],"line":92},"5":{"loc":{"start":{"line":132,"column":13},"end":{"line":132,"column":null}},"type":"cond-expr","locations":[{"start":{"line":132,"column":25},"end":{"line":132,"column":32}},{"start":{"line":132,"column":32},"end":{"line":132,"column":null}}],"line":132},"6":{"loc":{"start":{"line":158,"column":13},"end":{"line":158,"column":null}},"type":"cond-expr","locations":[{"start":{"line":158,"column":25},"end":{"line":158,"column":31}},{"start":{"line":158,"column":31},"end":{"line":158,"column":null}}],"line":158},"7":{"loc":{"start":{"line":165,"column":19},"end":{"line":165,"column":null}},"type":"cond-expr","locations":[{"start":{"line":165,"column":44},"end":{"line":165,"column":66}},{"start":{"line":165,"column":66},"end":{"line":165,"column":null}}],"line":165},"8":{"loc":{"start":{"line":165,"column":66},"end":{"line":165,"column":null}},"type":"cond-expr","locations":[{"start":{"line":165,"column":91},"end":{"line":165,"column":113}},{"start":{"line":165,"column":113},"end":{"line":165,"column":null}}],"line":165},"9":{"loc":{"start":{"line":169,"column":15},"end":{"line":187,"column":null}},"type":"cond-expr","locations":[{"start":{"line":170,"column":16},"end":{"line":182,"column":null}},{"start":{"line":184,"column":16},"end":{"line":187,"column":null}}],"line":169},"10":{"loc":{"start":{"line":172,"column":25},"end":{"line":172,"column":null}},"type":"binary-expr","locations":[{"start":{"line":172,"column":25},"end":{"line":172,"column":50}},{"start":{"line":172,"column":50},"end":{"line":172,"column":null}}],"line":172},"11":{"loc":{"start":{"line":176,"column":21},"end":{"line":176,"column":null}},"type":"binary-expr","locations":[{"start":{"line":176,"column":21},"end":{"line":176,"column":47}},{"start":{"line":176,"column":47},"end":{"line":176,"column":null}}],"line":176},"12":{"loc":{"start":{"line":199,"column":14},"end":{"line":203,"column":null}},"type":"if","locations":[{"start":{"line":199,"column":14},"end":{"line":203,"column":null}},{"start":{"line":201,"column":14},"end":{"line":203,"column":null}}],"line":199},"13":{"loc":{"start":{"line":201,"column":14},"end":{"line":203,"column":null}},"type":"if","locations":[{"start":{"line":201,"column":14},"end":{"line":203,"column":null}},{"start":{},"end":{}}],"line":201}},"s":{"0":0,"1":0,"2":0,"3":0,"4":0,"5":0,"6":0,"7":0,"8":0,"9":0,"10":0,"11":0,"12":0,"13":0,"14":0,"15":0,"16":0,"17":0,"18":0,"19":0,"20":0,"21":0,"22":0,"23":0,"24":0,"25":0,"26":0,"27":0,"28":0,"29":0,"30":0,"31":0,"32":0,"33":0,"34":0,"35":0,"36":0,"37":0,"38":0,"39":0,"40":0,"41":0,"42":0,"43":0,"44":0,"45":0,"46":0,"47":0,"48":0,"49":0,"50":0,"51":0,"52":0,"53":0,"54":0,"55":0,"56":0,"57":0,"58":0,"59":0,"60":0,"61":0,"62":0,"63":0,"64":0,"65":0,"66":0,"67":0,"68":0,"69":0,"70":0,"71":0,"72":0,"73":0},"f":{"0":0,"1":0,"2":0,"3":0,"4":0,"5":0,"6":0,"7":0,"8":0,"9":0,"10":0,"11":0,"12":0,"13":0,"14":0,"15":0,"16":0,"17":0,"18":0,"19":0,"20":0,"21":0,"22":0,"23":0,"24":0,"25":0,"26":0,"27":0,"28":0},"b":{"0":[0,0],"1":[0,0],"2":[0,0],"3":[0,0],"4":[0,0],"5":[0,0],"6":[0,0],"7":[0,0],"8":[0,0],"9":[0,0],"10":[0,0],"11":[0,0],"12":[0,0],"13":[0,0]},"meta":{"lastBranch":14,"lastFunction":29,"lastStatement":74,"seen":{"s:11:43:11:Infinity":0,"s:12:18:12:Infinity":1,"f:14:9:14:18":0,"s:15:2:18:Infinity":2,"f:22:9:22:15":1,"s:23:18:23:Infinity":3,"s:24:8:24:Infinity":4,"s:25:8:25:Infinity":5,"s:26:8:26:Infinity":6,"s:28:8:28:Infinity":7,"f:28:35:28:36":2,"s:28:42:28:55":8,"s:29:8:29:Infinity":9,"f:29:30:29:31":3,"s:29:37:29:45":10,"s:30:8:30:Infinity":11,"f:30:34:30:35":4,"s:30:41:30:53":12,"s:31:8:31:Infinity":13,"f:31:39:31:40":5,"s:31:46:31:63":14,"s:32:8:32:Infinity":15,"f:32:38:32:39":6,"s:32:45:32:61":16,"s:33:8:33:Infinity":17,"f:33:43:33:44":7,"s:33:50:33:63":18,"s:34:8:34:Infinity":19,"f:34:45:34:46":8,"s:34:52:34:67":20,"s:35:8:35:Infinity":21,"f:35:45:35:46":9,"s:35:52:35:67":22,"s:36:8:36:Infinity":23,"f:36:48:36:49":10,"s:36:55:36:73":24,"s:37:8:37:Infinity":25,"f:37:50:37:51":11,"s:37:57:37:77":26,"s:39:19:39:Infinity":27,"s:40:31:40:Infinity":28,"s:42:8:49:Infinity":29,"f:42:38:42:44":12,"s:43:4:48:Infinity":30,"f:43:32:43:37":13,"b:44:6:44:Infinity:undefined:undefined:undefined:undefined":0,"s:44:6:44:Infinity":31,"s:44:20:44:Infinity":32,"s:45:23:45:Infinity":33,"b:45:23:45:43:45:43:45:Infinity":1,"s:46:25:46:Infinity":34,"s:47:6:47:Infinity":35,"b:47:13:47:28:47:28:47:Infinity":2,"s:51:32:51:Infinity":36,"s:52:46:52:Infinity":37,"s:53:52:53:Infinity":38,"s:55:18:55:Infinity":39,"s:57:2:60:Infinity":40,"f:57:12:57:18":14,"s:58:4:58:Infinity":41,"s:59:4:59:Infinity":42,"s:62:2:68:Infinity":43,"f:62:12:62:18":15,"b:63:4:67:Infinity:undefined:undefined:undefined:undefined":3,"s:63:4:67:Infinity":44,"s:64:6:64:Infinity":45,"s:65:6:65:Infinity":46,"s:66:6:66:Infinity":47,"s:70:25:73:Infinity":48,"f:70:25:70:26":16,"s:71:4:71:Infinity":49,"s:72:4:72:Infinity":50,"s:75:23:81:Infinity":51,"f:77:56:77:62":17,"s:77:62:77:83":52,"f:78:56:78:62":18,"s:78:62:78:83":53,"f:79:56:79:62":19,"s:79:62:79:83":54,"s:83:20:106:Infinity":55,"b:92:11:92:38:92:38:92:Infinity":4,"s:108:26:110:Infinity":56,"f:108:26:108:27":20,"s:109:4:109:Infinity":57,"s:112:2:218:Infinity":58,"f:129:17:129:23":21,"s:129:23:129:Infinity":59,"b:132:25:132:32:132:32:132:Infinity":5,"f:155:21:155:27":22,"s:155:27:155:Infinity":60,"b:158:25:158:31:158:31:158:Infinity":6,"b:165:44:165:66:165:66:165:Infinity":7,"b:165:91:165:113:165:113:165:Infinity":8,"b:170:16:182:Infinity:184:16:187:Infinity":9,"b:172:25:172:50:172:50:172:Infinity":10,"b:176:21:176:47:176:47:176:Infinity":11,"f:179:35:179:41":23,"s:179:43:179:53":61,"s:179:53:179:68":62,"f:185:35:185:41":24,"s:185:41:185:68":63,"f:186:50:186:56":25,"s:186:56:186:86":64,"f:195:29:195:30":26,"s:196:36:196:Infinity":65,"s:197:28:197:Infinity":66,"b:199:14:203:Infinity:201:14:203:Infinity":12,"s:199:14:203:Infinity":67,"s:200:16:200:Infinity":68,"b:201:14:203:Infinity:undefined:undefined:undefined:undefined":13,"s:201:14:203:Infinity":69,"s:202:16:202:Infinity":70,"s:205:14:205:Infinity":71,"f:215:64:215:70":27,"s:215:70:215:98":72,"f:216:70:216:76":28,"s:216:76:216:107":73}}}
,"E:\\xiangmu\\WebYingYongProjects\\daxiangmu\\frontend\\src\\routes.jsx": {"path":"E:\\xiangmu\\WebYingYongProjects\\daxiangmu\\frontend\\src\\routes.jsx","statementMap":{"0":{"start":{"line":5,"column":13},"end":{"line":5,"column":null}},"1":{"start":{"line":5,"column":30},"end":{"line":5,"column":null}},"2":{"start":{"line":6,"column":17},"end":{"line":6,"column":null}},"3":{"start":{"line":6,"column":34},"end":{"line":6,"column":null}},"4":{"start":{"line":7,"column":22},"end":{"line":7,"column":null}},"5":{"start":{"line":7,"column":39},"end":{"line":7,"column":null}},"6":{"start":{"line":8,"column":22},"end":{"line":8,"column":null}},"7":{"start":{"line":8,"column":39},"end":{"line":8,"column":null}},"8":{"start":{"line":9,"column":22},"end":{"line":9,"column":null}},"9":{"start":{"line":9,"column":39},"end":{"line":9,"column":null}},"10":{"start":{"line":10,"column":16},"end":{"line":10,"column":null}},"11":{"start":{"line":10,"column":33},"end":{"line":10,"column":null}},"12":{"start":{"line":11,"column":24},"end":{"line":11,"column":null}},"13":{"start":{"line":11,"column":41},"end":{"line":11,"column":null}},"14":{"start":{"line":12,"column":19},"end":{"line":12,"column":null}},"15":{"start":{"line":12,"column":36},"end":{"line":12,"column":null}},"16":{"start":{"line":13,"column":19},"end":{"line":13,"column":null}},"17":{"start":{"line":13,"column":36},"end":{"line":13,"column":null}},"18":{"start":{"line":14,"column":20},"end":{"line":14,"column":null}},"19":{"start":{"line":14,"column":37},"end":{"line":14,"column":null}},"20":{"start":{"line":15,"column":22},"end":{"line":15,"column":null}},"21":{"start":{"line":15,"column":39},"end":{"line":15,"column":null}},"22":{"start":{"line":16,"column":27},"end":{"line":16,"column":null}},"23":{"start":{"line":16,"column":44},"end":{"line":16,"column":null}},"24":{"start":{"line":19,"column":8},"end":{"line":19,"column":null}},"25":{"start":{"line":19,"column":42},"end":{"line":19,"column":55}},"26":{"start":{"line":20,"column":2},"end":{"line":20,"column":null}},"27":{"start":{"line":20,"column":20},"end":{"line":20,"column":null}},"28":{"start":{"line":21,"column":2},"end":{"line":21,"column":null}},"29":{"start":{"line":25,"column":8},"end":{"line":25,"column":null}},"30":{"start":{"line":25,"column":42},"end":{"line":25,"column":55}},"31":{"start":{"line":26,"column":2},"end":{"line":26,"column":null}},"32":{"start":{"line":26,"column":20},"end":{"line":26,"column":null}},"33":{"start":{"line":27,"column":2},"end":{"line":27,"column":null}},"34":{"start":{"line":27,"column":30},"end":{"line":27,"column":null}},"35":{"start":{"line":28,"column":2},"end":{"line":28,"column":null}},"36":{"start":{"line":31,"column":27},"end":{"line":44,"column":null}},"37":{"start":{"line":47,"column":16},"end":{"line":47,"column":null}},"38":{"start":{"line":47,"column":40},"end":{"line":47,"column":59}},"39":{"start":{"line":48,"column":2},"end":{"line":48,"column":null}},"40":{"start":{"line":52,"column":16},"end":{"line":52,"column":null}},"41":{"start":{"line":52,"column":40},"end":{"line":52,"column":53}},"42":{"start":{"line":53,"column":2},"end":{"line":53,"column":null}},"43":{"start":{"line":56,"column":26},"end":{"line":56,"column":null}},"44":{"start":{"line":56,"column":52},"end":{"line":56,"column":59}},"45":{"start":{"line":56,"column":72},"end":{"line":56,"column":77}}},"fnMap":{"0":{"name":"(anonymous_0)","decl":{"start":{"line":5,"column":24},"end":{"line":5,"column":30}},"loc":{"start":{"line":5,"column":30},"end":{"line":5,"column":null}},"line":5},"1":{"name":"(anonymous_1)","decl":{"start":{"line":6,"column":28},"end":{"line":6,"column":34}},"loc":{"start":{"line":6,"column":34},"end":{"line":6,"column":null}},"line":6},"2":{"name":"(anonymous_2)","decl":{"start":{"line":7,"column":33},"end":{"line":7,"column":39}},"loc":{"start":{"line":7,"column":39},"end":{"line":7,"column":null}},"line":7},"3":{"name":"(anonymous_3)","decl":{"start":{"line":8,"column":33},"end":{"line":8,"column":39}},"loc":{"start":{"line":8,"column":39},"end":{"line":8,"column":null}},"line":8},"4":{"name":"(anonymous_4)","decl":{"start":{"line":9,"column":33},"end":{"line":9,"column":39}},"loc":{"start":{"line":9,"column":39},"end":{"line":9,"column":null}},"line":9},"5":{"name":"(anonymous_5)","decl":{"start":{"line":10,"column":27},"end":{"line":10,"column":33}},"loc":{"start":{"line":10,"column":33},"end":{"line":10,"column":null}},"line":10},"6":{"name":"(anonymous_6)","decl":{"start":{"line":11,"column":35},"end":{"line":11,"column":41}},"loc":{"start":{"line":11,"column":41},"end":{"line":11,"column":null}},"line":11},"7":{"name":"(anonymous_7)","decl":{"start":{"line":12,"column":30},"end":{"line":12,"column":36}},"loc":{"start":{"line":12,"column":36},"end":{"line":12,"column":null}},"line":12},"8":{"name":"(anonymous_8)","decl":{"start":{"line":13,"column":30},"end":{"line":13,"column":36}},"loc":{"start":{"line":13,"column":36},"end":{"line":13,"column":null}},"line":13},"9":{"name":"(anonymous_9)","decl":{"start":{"line":14,"column":31},"end":{"line":14,"column":37}},"loc":{"start":{"line":14,"column":37},"end":{"line":14,"column":null}},"line":14},"10":{"name":"(anonymous_10)","decl":{"start":{"line":15,"column":33},"end":{"line":15,"column":39}},"loc":{"start":{"line":15,"column":39},"end":{"line":15,"column":null}},"line":15},"11":{"name":"(anonymous_11)","decl":{"start":{"line":16,"column":38},"end":{"line":16,"column":44}},"loc":{"start":{"line":16,"column":44},"end":{"line":16,"column":null}},"line":16},"12":{"name":"AuthGuard","decl":{"start":{"line":18,"column":9},"end":{"line":18,"column":19}},"loc":{"start":{"line":18,"column":33},"end":{"line":22,"column":null}},"line":18},"13":{"name":"(anonymous_13)","decl":{"start":{"line":19,"column":35},"end":{"line":19,"column":36}},"loc":{"start":{"line":19,"column":42},"end":{"line":19,"column":55}},"line":19},"14":{"name":"AdminGuard","decl":{"start":{"line":24,"column":9},"end":{"line":24,"column":20}},"loc":{"start":{"line":24,"column":34},"end":{"line":29,"column":null}},"line":24},"15":{"name":"(anonymous_15)","decl":{"start":{"line":25,"column":35},"end":{"line":25,"column":36}},"loc":{"start":{"line":25,"column":42},"end":{"line":25,"column":55}},"line":25},"16":{"name":"getKeyFromPath","decl":{"start":{"line":46,"column":16},"end":{"line":46,"column":31}},"loc":{"start":{"line":46,"column":41},"end":{"line":49,"column":null}},"line":46},"17":{"name":"(anonymous_17)","decl":{"start":{"line":47,"column":33},"end":{"line":47,"column":34}},"loc":{"start":{"line":47,"column":40},"end":{"line":47,"column":59}},"line":47},"18":{"name":"getPathFromKey","decl":{"start":{"line":51,"column":16},"end":{"line":51,"column":31}},"loc":{"start":{"line":51,"column":36},"end":{"line":54,"column":null}},"line":51},"19":{"name":"(anonymous_19)","decl":{"start":{"line":52,"column":33},"end":{"line":52,"column":34}},"loc":{"start":{"line":52,"column":40},"end":{"line":52,"column":53}},"line":52},"20":{"name":"(anonymous_20)","decl":{"start":{"line":56,"column":45},"end":{"line":56,"column":46}},"loc":{"start":{"line":56,"column":52},"end":{"line":56,"column":59}},"line":56},"21":{"name":"(anonymous_21)","decl":{"start":{"line":56,"column":65},"end":{"line":56,"column":66}},"loc":{"start":{"line":56,"column":72},"end":{"line":56,"column":77}},"line":56}},"branchMap":{"0":{"loc":{"start":{"line":20,"column":2},"end":{"line":20,"column":null}},"type":"if","locations":[{"start":{"line":20,"column":2},"end":{"line":20,"column":null}},{"start":{},"end":{}}],"line":20},"1":{"loc":{"start":{"line":26,"column":2},"end":{"line":26,"column":null}},"type":"if","locations":[{"start":{"line":26,"column":2},"end":{"line":26,"column":null}},{"start":{},"end":{}}],"line":26},"2":{"loc":{"start":{"line":27,"column":2},"end":{"line":27,"column":null}},"type":"if","locations":[{"start":{"line":27,"column":2},"end":{"line":27,"column":null}},{"start":{},"end":{}}],"line":27},"3":{"loc":{"start":{"line":48,"column":9},"end":{"line":48,"column":null}},"type":"cond-expr","locations":[{"start":{"line":48,"column":17},"end":{"line":48,"column":29}},{"start":{"line":48,"column":29},"end":{"line":48,"column":null}}],"line":48},"4":{"loc":{"start":{"line":53,"column":9},"end":{"line":53,"column":null}},"type":"cond-expr","locations":[{"start":{"line":53,"column":17},"end":{"line":53,"column":30}},{"start":{"line":53,"column":30},"end":{"line":53,"column":null}}],"line":53}},"s":{"0":1,"1":0,"2":1,"3":0,"4":1,"5":0,"6":1,"7":0,"8":1,"9":0,"10":1,"11":0,"12":1,"13":0,"14":1,"15":0,"16":1,"17":0,"18":1,"19":0,"20":1,"21":0,"22":1,"23":0,"24":3,"25":10,"26":3,"27":2,"28":1,"29":4,"30":13,"31":4,"32":2,"33":2,"34":1,"35":1,"36":1,"37":15,"38":114,"39":15,"40":15,"41":114,"42":15,"43":1,"44":12,"45":5},"f":{"0":0,"1":0,"2":0,"3":0,"4":0,"5":0,"6":0,"7":0,"8":0,"9":0,"10":0,"11":0,"12":3,"13":10,"14":4,"15":13,"16":15,"17":114,"18":15,"19":114,"20":12,"21":5},"b":{"0":[2,1],"1":[2,2],"2":[1,1],"3":[12,3],"4":[12,3]},"meta":{"lastBranch":5,"lastFunction":22,"lastStatement":46,"seen":{"s:5:13:5:Infinity":0,"f:5:24:5:30":0,"s:5:30:5:Infinity":1,"s:6:17:6:Infinity":2,"f:6:28:6:34":1,"s:6:34:6:Infinity":3,"s:7:22:7:Infinity":4,"f:7:33:7:39":2,"s:7:39:7:Infinity":5,"s:8:22:8:Infinity":6,"f:8:33:8:39":3,"s:8:39:8:Infinity":7,"s:9:22:9:Infinity":8,"f:9:33:9:39":4,"s:9:39:9:Infinity":9,"s:10:16:10:Infinity":10,"f:10:27:10:33":5,"s:10:33:10:Infinity":11,"s:11:24:11:Infinity":12,"f:11:35:11:41":6,"s:11:41:11:Infinity":13,"s:12:19:12:Infinity":14,"f:12:30:12:36":7,"s:12:36:12:Infinity":15,"s:13:19:13:Infinity":16,"f:13:30:13:36":8,"s:13:36:13:Infinity":17,"s:14:20:14:Infinity":18,"f:14:31:14:37":9,"s:14:37:14:Infinity":19,"s:15:22:15:Infinity":20,"f:15:33:15:39":10,"s:15:39:15:Infinity":21,"s:16:27:16:Infinity":22,"f:16:38:16:44":11,"s:16:44:16:Infinity":23,"f:18:9:18:19":12,"s:19:8:19:Infinity":24,"f:19:35:19:36":13,"s:19:42:19:55":25,"b:20:2:20:Infinity:undefined:undefined:undefined:undefined":0,"s:20:2:20:Infinity":26,"s:20:20:20:Infinity":27,"s:21:2:21:Infinity":28,"f:24:9:24:20":14,"s:25:8:25:Infinity":29,"f:25:35:25:36":15,"s:25:42:25:55":30,"b:26:2:26:Infinity:undefined:undefined:undefined:undefined":1,"s:26:2:26:Infinity":31,"s:26:20:26:Infinity":32,"b:27:2:27:Infinity:undefined:undefined:undefined:undefined":2,"s:27:2:27:Infinity":33,"s:27:30:27:Infinity":34,"s:28:2:28:Infinity":35,"s:31:27:44:Infinity":36,"f:46:16:46:31":16,"s:47:16:47:Infinity":37,"f:47:33:47:34":17,"s:47:40:47:59":38,"s:48:2:48:Infinity":39,"b:48:17:48:29:48:29:48:Infinity":3,"f:51:16:51:31":18,"s:52:16:52:Infinity":40,"f:52:33:52:34":19,"s:52:40:52:53":41,"s:53:2:53:Infinity":42,"b:53:17:53:30:53:30:53:Infinity":4,"s:56:26:56:Infinity":43,"f:56:45:56:46":20,"s:56:52:56:59":44,"f:56:65:56:66":21,"s:56:72:56:77":45}}}
,"E:\\xiangmu\\WebYingYongProjects\\daxiangmu\\frontend\\src\\api\\announcement.js": {"path":"E:\\xiangmu\\WebYingYongProjects\\daxiangmu\\frontend\\src\\api\\announcement.js","statementMap":{"0":{"start":{"line":4,"column":2},"end":{"line":4,"column":null}},"1":{"start":{"line":8,"column":2},"end":{"line":8,"column":null}},"2":{"start":{"line":12,"column":2},"end":{"line":12,"column":null}}},"fnMap":{"0":{"name":"getAnnouncements","decl":{"start":{"line":3,"column":16},"end":{"line":3,"column":32}},"loc":{"start":{"line":3,"column":41},"end":{"line":5,"column":null}},"line":3},"1":{"name":"createAnnouncement","decl":{"start":{"line":7,"column":16},"end":{"line":7,"column":34}},"loc":{"start":{"line":7,"column":41},"end":{"line":9,"column":null}},"line":7},"2":{"name":"deleteAnnouncement","decl":{"start":{"line":11,"column":16},"end":{"line":11,"column":34}},"loc":{"start":{"line":11,"column":39},"end":{"line":13,"column":null}},"line":11}},"branchMap":{},"s":{"0":1,"1":1,"2":1},"f":{"0":1,"1":1,"2":1},"b":{},"meta":{"lastBranch":0,"lastFunction":3,"lastStatement":3,"seen":{"f:3:16:3:32":0,"s:4:2:4:Infinity":0,"f:7:16:7:34":1,"s:8:2:8:Infinity":1,"f:11:16:11:34":2,"s:12:2:12:Infinity":2}}}
,"E:\\xiangmu\\WebYingYongProjects\\daxiangmu\\frontend\\src\\api\\auth.js": {"path":"E:\\xiangmu\\WebYingYongProjects\\daxiangmu\\frontend\\src\\api\\auth.js","statementMap":{"0":{"start":{"line":4,"column":2},"end":{"line":4,"column":null}},"1":{"start":{"line":8,"column":2},"end":{"line":8,"column":null}},"2":{"start":{"line":12,"column":16},"end":{"line":14,"column":79}},"3":{"start":{"line":15,"column":2},"end":{"line":15,"column":null}},"4":{"start":{"line":19,"column":2},"end":{"line":19,"column":null}}},"fnMap":{"0":{"name":"login","decl":{"start":{"line":3,"column":16},"end":{"line":3,"column":21}},"loc":{"start":{"line":3,"column":42},"end":{"line":5,"column":null}},"line":3},"1":{"name":"register","decl":{"start":{"line":7,"column":16},"end":{"line":7,"column":24}},"loc":{"start":{"line":7,"column":31},"end":{"line":9,"column":null}},"line":7},"2":{"name":"faceLogin","decl":{"start":{"line":11,"column":16},"end":{"line":11,"column":25}},"loc":{"start":{"line":11,"column":39},"end":{"line":16,"column":null}},"line":11},"3":{"name":"refreshToken","decl":{"start":{"line":18,"column":16},"end":{"line":18,"column":28}},"loc":{"start":{"line":18,"column":43},"end":{"line":20,"column":null}},"line":18}},"branchMap":{"0":{"loc":{"start":{"line":12,"column":16},"end":{"line":14,"column":79}},"type":"cond-expr","locations":[{"start":{"line":13,"column":6},"end":{"line":13,"column":null}},{"start":{"line":14,"column":7},"end":{"line":14,"column":78}}],"line":12},"1":{"loc":{"start":{"line":14,"column":7},"end":{"line":14,"column":78}},"type":"cond-expr","locations":[{"start":{"line":14,"column":41},"end":{"line":14,"column":64}},{"start":{"line":14,"column":67},"end":{"line":14,"column":78}}],"line":14}},"s":{"0":1,"1":1,"2":3,"3":3,"4":1},"f":{"0":1,"1":1,"2":3,"3":1},"b":{"0":[1,2],"1":[1,1]},"meta":{"lastBranch":2,"lastFunction":4,"lastStatement":5,"seen":{"f:3:16:3:21":0,"s:4:2:4:Infinity":0,"f:7:16:7:24":1,"s:8:2:8:Infinity":1,"f:11:16:11:25":2,"s:12:16:14:79":2,"b:13:6:13:Infinity:14:7:14:78":0,"b:14:41:14:64:14:67:14:78":1,"s:15:2:15:Infinity":3,"f:18:16:18:28":3,"s:19:2:19:Infinity":4}}}
,"E:\\xiangmu\\WebYingYongProjects\\daxiangmu\\frontend\\src\\api\\books.js": {"path":"E:\\xiangmu\\WebYingYongProjects\\daxiangmu\\frontend\\src\\api\\books.js","statementMap":{"0":{"start":{"line":4,"column":2},"end":{"line":4,"column":null}},"1":{"start":{"line":8,"column":2},"end":{"line":8,"column":null}},"2":{"start":{"line":12,"column":2},"end":{"line":12,"column":null}},"3":{"start":{"line":16,"column":2},"end":{"line":16,"column":null}},"4":{"start":{"line":20,"column":2},"end":{"line":20,"column":null}},"5":{"start":{"line":24,"column":2},"end":{"line":24,"column":null}}},"fnMap":{"0":{"name":"getBooks","decl":{"start":{"line":3,"column":16},"end":{"line":3,"column":24}},"loc":{"start":{"line":3,"column":33},"end":{"line":5,"column":null}},"line":3},"1":{"name":"getBookDetail","decl":{"start":{"line":7,"column":16},"end":{"line":7,"column":29}},"loc":{"start":{"line":7,"column":34},"end":{"line":9,"column":null}},"line":7},"2":{"name":"createBook","decl":{"start":{"line":11,"column":16},"end":{"line":11,"column":26}},"loc":{"start":{"line":11,"column":33},"end":{"line":13,"column":null}},"line":11},"3":{"name":"updateBook","decl":{"start":{"line":15,"column":16},"end":{"line":15,"column":26}},"loc":{"start":{"line":15,"column":37},"end":{"line":17,"column":null}},"line":15},"4":{"name":"deleteBook","decl":{"start":{"line":19,"column":16},"end":{"line":19,"column":26}},"loc":{"start":{"line":19,"column":31},"end":{"line":21,"column":null}},"line":19},"5":{"name":"getSimilarBooks","decl":{"start":{"line":23,"column":16},"end":{"line":23,"column":31}},"loc":{"start":{"line":23,"column":36},"end":{"line":25,"column":null}},"line":23}},"branchMap":{},"s":{"0":1,"1":1,"2":1,"3":1,"4":1,"5":1},"f":{"0":1,"1":1,"2":1,"3":1,"4":1,"5":1},"b":{},"meta":{"lastBranch":0,"lastFunction":6,"lastStatement":6,"seen":{"f:3:16:3:24":0,"s:4:2:4:Infinity":0,"f:7:16:7:29":1,"s:8:2:8:Infinity":1,"f:11:16:11:26":2,"s:12:2:12:Infinity":2,"f:15:16:15:26":3,"s:16:2:16:Infinity":3,"f:19:16:19:26":4,"s:20:2:20:Infinity":4,"f:23:16:23:31":5,"s:24:2:24:Infinity":5}}}
,"E:\\xiangmu\\WebYingYongProjects\\daxiangmu\\frontend\\src\\api\\borrow.js": {"path":"E:\\xiangmu\\WebYingYongProjects\\daxiangmu\\frontend\\src\\api\\borrow.js","statementMap":{"0":{"start":{"line":4,"column":2},"end":{"line":4,"column":null}},"1":{"start":{"line":8,"column":2},"end":{"line":8,"column":null}},"2":{"start":{"line":12,"column":2},"end":{"line":12,"column":null}},"3":{"start":{"line":16,"column":2},"end":{"line":16,"column":null}},"4":{"start":{"line":20,"column":2},"end":{"line":20,"column":null}},"5":{"start":{"line":24,"column":2},"end":{"line":24,"column":null}},"6":{"start":{"line":28,"column":2},"end":{"line":28,"column":null}},"7":{"start":{"line":32,"column":2},"end":{"line":32,"column":null}}},"fnMap":{"0":{"name":"borrowBook","decl":{"start":{"line":3,"column":16},"end":{"line":3,"column":26}},"loc":{"start":{"line":3,"column":35},"end":{"line":5,"column":null}},"line":3},"1":{"name":"applyReturn","decl":{"start":{"line":7,"column":16},"end":{"line":7,"column":27}},"loc":{"start":{"line":7,"column":32},"end":{"line":9,"column":null}},"line":7},"2":{"name":"cancelReturn","decl":{"start":{"line":11,"column":16},"end":{"line":11,"column":28}},"loc":{"start":{"line":11,"column":33},"end":{"line":13,"column":null}},"line":11},"3":{"name":"getCurrentBorrows","decl":{"start":{"line":15,"column":16},"end":{"line":15,"column":33}},"loc":{"start":{"line":15,"column":42},"end":{"line":17,"column":null}},"line":15},"4":{"name":"getBorrowHistory","decl":{"start":{"line":19,"column":16},"end":{"line":19,"column":32}},"loc":{"start":{"line":19,"column":41},"end":{"line":21,"column":null}},"line":19},"5":{"name":"getPendingReturns","decl":{"start":{"line":23,"column":16},"end":{"line":23,"column":33}},"loc":{"start":{"line":23,"column":42},"end":{"line":25,"column":null}},"line":23},"6":{"name":"approveReturn","decl":{"start":{"line":27,"column":16},"end":{"line":27,"column":29}},"loc":{"start":{"line":27,"column":34},"end":{"line":29,"column":null}},"line":27},"7":{"name":"rejectReturn","decl":{"start":{"line":31,"column":16},"end":{"line":31,"column":28}},"loc":{"start":{"line":31,"column":41},"end":{"line":33,"column":null}},"line":31}},"branchMap":{},"s":{"0":1,"1":1,"2":1,"3":1,"4":1,"5":1,"6":1,"7":1},"f":{"0":1,"1":1,"2":1,"3":1,"4":1,"5":1,"6":1,"7":1},"b":{},"meta":{"lastBranch":0,"lastFunction":8,"lastStatement":8,"seen":{"f:3:16:3:26":0,"s:4:2:4:Infinity":0,"f:7:16:7:27":1,"s:8:2:8:Infinity":1,"f:11:16:11:28":2,"s:12:2:12:Infinity":2,"f:15:16:15:33":3,"s:16:2:16:Infinity":3,"f:19:16:19:32":4,"s:20:2:20:Infinity":4,"f:23:16:23:33":5,"s:24:2:24:Infinity":5,"f:27:16:27:29":6,"s:28:2:28:Infinity":6,"f:31:16:31:28":7,"s:32:2:32:Infinity":7}}}
,"E:\\xiangmu\\WebYingYongProjects\\daxiangmu\\frontend\\src\\api\\category.js": {"path":"E:\\xiangmu\\WebYingYongProjects\\daxiangmu\\frontend\\src\\api\\category.js","statementMap":{"0":{"start":{"line":4,"column":2},"end":{"line":4,"column":null}},"1":{"start":{"line":8,"column":2},"end":{"line":8,"column":null}},"2":{"start":{"line":12,"column":2},"end":{"line":12,"column":null}},"3":{"start":{"line":16,"column":2},"end":{"line":16,"column":null}}},"fnMap":{"0":{"name":"getCategories","decl":{"start":{"line":3,"column":16},"end":{"line":3,"column":29}},"loc":{"start":{"line":3,"column":32},"end":{"line":5,"column":null}},"line":3},"1":{"name":"createCategory","decl":{"start":{"line":7,"column":16},"end":{"line":7,"column":30}},"loc":{"start":{"line":7,"column":37},"end":{"line":9,"column":null}},"line":7},"2":{"name":"updateCategory","decl":{"start":{"line":11,"column":16},"end":{"line":11,"column":30}},"loc":{"start":{"line":11,"column":41},"end":{"line":13,"column":null}},"line":11},"3":{"name":"deleteCategory","decl":{"start":{"line":15,"column":16},"end":{"line":15,"column":30}},"loc":{"start":{"line":15,"column":35},"end":{"line":17,"column":null}},"line":15}},"branchMap":{},"s":{"0":1,"1":1,"2":1,"3":1},"f":{"0":1,"1":1,"2":1,"3":1},"b":{},"meta":{"lastBranch":0,"lastFunction":4,"lastStatement":4,"seen":{"f:3:16:3:29":0,"s:4:2:4:Infinity":0,"f:7:16:7:30":1,"s:8:2:8:Infinity":1,"f:11:16:11:30":2,"s:12:2:12:Infinity":2,"f:15:16:15:30":3,"s:16:2:16:Infinity":3}}}
,"E:\\xiangmu\\WebYingYongProjects\\daxiangmu\\frontend\\src\\api\\emotion.js": {"path":"E:\\xiangmu\\WebYingYongProjects\\daxiangmu\\frontend\\src\\api\\emotion.js","statementMap":{"0":{"start":{"line":4,"column":2},"end":{"line":4,"column":null}},"1":{"start":{"line":8,"column":2},"end":{"line":8,"column":null}},"2":{"start":{"line":12,"column":2},"end":{"line":12,"column":null}}},"fnMap":{"0":{"name":"recordEmotion","decl":{"start":{"line":3,"column":16},"end":{"line":3,"column":29}},"loc":{"start":{"line":3,"column":36},"end":{"line":5,"column":null}},"line":3},"1":{"name":"getEmotionHistory","decl":{"start":{"line":7,"column":16},"end":{"line":7,"column":33}},"loc":{"start":{"line":7,"column":42},"end":{"line":9,"column":null}},"line":7},"2":{"name":"getEmotionRecommend","decl":{"start":{"line":11,"column":16},"end":{"line":11,"column":35}},"loc":{"start":{"line":11,"column":45},"end":{"line":13,"column":null}},"line":11}},"branchMap":{},"s":{"0":1,"1":1,"2":1},"f":{"0":1,"1":1,"2":1},"b":{},"meta":{"lastBranch":0,"lastFunction":3,"lastStatement":3,"seen":{"f:3:16:3:29":0,"s:4:2:4:Infinity":0,"f:7:16:7:33":1,"s:8:2:8:Infinity":1,"f:11:16:11:35":2,"s:12:2:12:Infinity":2}}}
,"E:\\xiangmu\\WebYingYongProjects\\daxiangmu\\frontend\\src\\api\\favorite.js": {"path":"E:\\xiangmu\\WebYingYongProjects\\daxiangmu\\frontend\\src\\api\\favorite.js","statementMap":{"0":{"start":{"line":4,"column":2},"end":{"line":4,"column":null}},"1":{"start":{"line":8,"column":2},"end":{"line":8,"column":null}},"2":{"start":{"line":12,"column":2},"end":{"line":12,"column":null}}},"fnMap":{"0":{"name":"toggleFavorite","decl":{"start":{"line":3,"column":16},"end":{"line":3,"column":30}},"loc":{"start":{"line":3,"column":39},"end":{"line":5,"column":null}},"line":3},"1":{"name":"getFavorites","decl":{"start":{"line":7,"column":16},"end":{"line":7,"column":28}},"loc":{"start":{"line":7,"column":37},"end":{"line":9,"column":null}},"line":7},"2":{"name":"checkFavorite","decl":{"start":{"line":11,"column":16},"end":{"line":11,"column":29}},"loc":{"start":{"line":11,"column":38},"end":{"line":13,"column":null}},"line":11}},"branchMap":{},"s":{"0":1,"1":1,"2":1},"f":{"0":1,"1":1,"2":1},"b":{},"meta":{"lastBranch":0,"lastFunction":3,"lastStatement":3,"seen":{"f:3:16:3:30":0,"s:4:2:4:Infinity":0,"f:7:16:7:28":1,"s:8:2:8:Infinity":1,"f:11:16:11:29":2,"s:12:2:12:Infinity":2}}}
,"E:\\xiangmu\\WebYingYongProjects\\daxiangmu\\frontend\\src\\api\\notification.js": {"path":"E:\\xiangmu\\WebYingYongProjects\\daxiangmu\\frontend\\src\\api\\notification.js","statementMap":{"0":{"start":{"line":4,"column":2},"end":{"line":4,"column":null}},"1":{"start":{"line":8,"column":2},"end":{"line":8,"column":null}},"2":{"start":{"line":12,"column":2},"end":{"line":12,"column":null}},"3":{"start":{"line":16,"column":2},"end":{"line":16,"column":null}}},"fnMap":{"0":{"name":"getNotifications","decl":{"start":{"line":3,"column":16},"end":{"line":3,"column":32}},"loc":{"start":{"line":3,"column":41},"end":{"line":5,"column":null}},"line":3},"1":{"name":"getUnreadCount","decl":{"start":{"line":7,"column":16},"end":{"line":7,"column":30}},"loc":{"start":{"line":7,"column":33},"end":{"line":9,"column":null}},"line":7},"2":{"name":"markAsRead","decl":{"start":{"line":11,"column":16},"end":{"line":11,"column":26}},"loc":{"start":{"line":11,"column":31},"end":{"line":13,"column":null}},"line":11},"3":{"name":"markAllAsRead","decl":{"start":{"line":15,"column":16},"end":{"line":15,"column":29}},"loc":{"start":{"line":15,"column":32},"end":{"line":17,"column":null}},"line":15}},"branchMap":{},"s":{"0":1,"1":1,"2":1,"3":1},"f":{"0":1,"1":1,"2":1,"3":1},"b":{},"meta":{"lastBranch":0,"lastFunction":4,"lastStatement":4,"seen":{"f:3:16:3:32":0,"s:4:2:4:Infinity":0,"f:7:16:7:30":1,"s:8:2:8:Infinity":1,"f:11:16:11:26":2,"s:12:2:12:Infinity":2,"f:15:16:15:29":3,"s:16:2:16:Infinity":3}}}
,"E:\\xiangmu\\WebYingYongProjects\\daxiangmu\\frontend\\src\\api\\request.js": {"path":"E:\\xiangmu\\WebYingYongProjects\\daxiangmu\\frontend\\src\\api\\request.js","statementMap":{"0":{"start":{"line":3,"column":16},"end":{"line":7,"column":2}},"1":{"start":{"line":9,"column":0},"end":{"line":18,"column":null}},"2":{"start":{"line":11,"column":18},"end":{"line":11,"column":47}},"3":{"start":{"line":12,"column":4},"end":{"line":14,"column":null}},"4":{"start":{"line":13,"column":6},"end":{"line":13,"column":null}},"5":{"start":{"line":15,"column":4},"end":{"line":15,"column":null}},"6":{"start":{"line":17,"column":13},"end":{"line":17,"column":null}},"7":{"start":{"line":20,"column":19},"end":{"line":20,"column":24}},"8":{"start":{"line":21,"column":25},"end":{"line":21,"column":27}},"9":{"start":{"line":24,"column":2},"end":{"line":24,"column":null}},"10":{"start":{"line":28,"column":2},"end":{"line":28,"column":null}},"11":{"start":{"line":28,"column":37},"end":{"line":28,"column":49}},"12":{"start":{"line":29,"column":2},"end":{"line":29,"column":null}},"13":{"start":{"line":32,"column":0},"end":{"line":96,"column":null}},"14":{"start":{"line":34,"column":16},"end":{"line":34,"column":29}},"15":{"start":{"line":35,"column":4},"end":{"line":37,"column":null}},"16":{"start":{"line":36,"column":6},"end":{"line":36,"column":null}},"17":{"start":{"line":38,"column":4},"end":{"line":38,"column":null}},"18":{"start":{"line":41,"column":28},"end":{"line":41,"column":40}},"19":{"start":{"line":42,"column":4},"end":{"line":92,"column":null}},"20":{"start":{"line":43,"column":31},"end":{"line":43,"column":45}},"21":{"start":{"line":45,"column":6},"end":{"line":83,"column":null}},"22":{"start":{"line":46,"column":29},"end":{"line":46,"column":65}},"23":{"start":{"line":47,"column":8},"end":{"line":51,"column":null}},"24":{"start":{"line":48,"column":10},"end":{"line":48,"column":null}},"25":{"start":{"line":49,"column":10},"end":{"line":49,"column":null}},"26":{"start":{"line":50,"column":10},"end":{"line":50,"column":null}},"27":{"start":{"line":53,"column":8},"end":{"line":60,"column":null}},"28":{"start":{"line":54,"column":10},"end":{"line":59,"column":null}},"29":{"start":{"line":55,"column":12},"end":{"line":58,"column":null}},"30":{"start":{"line":56,"column":14},"end":{"line":56,"column":null}},"31":{"start":{"line":57,"column":14},"end":{"line":57,"column":null}},"32":{"start":{"line":62,"column":8},"end":{"line":62,"column":null}},"33":{"start":{"line":63,"column":8},"end":{"line":63,"column":null}},"34":{"start":{"line":65,"column":8},"end":{"line":82,"column":null}},"35":{"start":{"line":66,"column":22},"end":{"line":66,"column":77}},"36":{"start":{"line":67,"column":23},"end":{"line":67,"column":31}},"37":{"start":{"line":68,"column":27},"end":{"line":68,"column":59}},"38":{"start":{"line":69,"column":10},"end":{"line":71,"column":null}},"39":{"start":{"line":70,"column":12},"end":{"line":70,"column":null}},"40":{"start":{"line":72,"column":10},"end":{"line":72,"column":null}},"41":{"start":{"line":73,"column":10},"end":{"line":73,"column":null}},"42":{"start":{"line":74,"column":10},"end":{"line":74,"column":null}},"43":{"start":{"line":75,"column":10},"end":{"line":75,"column":null}},"44":{"start":{"line":77,"column":10},"end":{"line":77,"column":null}},"45":{"start":{"line":78,"column":10},"end":{"line":78,"column":null}},"46":{"start":{"line":79,"column":10},"end":{"line":79,"column":null}},"47":{"start":{"line":81,"column":10},"end":{"line":81,"column":null}},"48":{"start":{"line":85,"column":6},"end":{"line":88,"column":null}},"49":{"start":{"line":86,"column":20},"end":{"line":86,"column":45}},"50":{"start":{"line":87,"column":8},"end":{"line":87,"column":null}},"51":{"start":{"line":90,"column":22},"end":{"line":90,"column":57}},"52":{"start":{"line":91,"column":6},"end":{"line":91,"column":null}},"53":{"start":{"line":94,"column":4},"end":{"line":94,"column":null}},"54":{"start":{"line":99,"column":2},"end":{"line":99,"column":null}},"55":{"start":{"line":100,"column":2},"end":{"line":100,"column":null}},"56":{"start":{"line":101,"column":2},"end":{"line":101,"column":null}}},"fnMap":{"0":{"name":"(anonymous_0)","decl":{"start":{"line":10,"column":2},"end":{"line":10,"column":3}},"loc":{"start":{"line":10,"column":14},"end":{"line":16,"column":3}},"line":10},"1":{"name":"(anonymous_1)","decl":{"start":{"line":17,"column":2},"end":{"line":17,"column":3}},"loc":{"start":{"line":17,"column":13},"end":{"line":17,"column":null}},"line":17},"2":{"name":"subscribeTokenRefresh","decl":{"start":{"line":23,"column":9},"end":{"line":23,"column":30}},"loc":{"start":{"line":23,"column":35},"end":{"line":25,"column":null}},"line":23},"3":{"name":"onTokenRefreshed","decl":{"start":{"line":27,"column":9},"end":{"line":27,"column":25}},"loc":{"start":{"line":27,"column":36},"end":{"line":30,"column":null}},"line":27},"4":{"name":"(anonymous_4)","decl":{"start":{"line":28,"column":29},"end":{"line":28,"column":30}},"loc":{"start":{"line":28,"column":37},"end":{"line":28,"column":49}},"line":28},"5":{"name":"(anonymous_5)","decl":{"start":{"line":33,"column":2},"end":{"line":33,"column":3}},"loc":{"start":{"line":33,"column":16},"end":{"line":39,"column":3}},"line":33},"6":{"name":"(anonymous_6)","decl":{"start":{"line":40,"column":2},"end":{"line":40,"column":7}},"loc":{"start":{"line":40,"column":19},"end":{"line":95,"column":null}},"line":40},"7":{"name":"(anonymous_7)","decl":{"start":{"line":54,"column":29},"end":{"line":54,"column":30}},"loc":{"start":{"line":54,"column":42},"end":{"line":59,"column":11}},"line":54},"8":{"name":"(anonymous_8)","decl":{"start":{"line":55,"column":34},"end":{"line":55,"column":35}},"loc":{"start":{"line":55,"column":48},"end":{"line":58,"column":13}},"line":55},"9":{"name":"clearAuth","decl":{"start":{"line":98,"column":9},"end":{"line":98,"column":18}},"loc":{"start":{"line":98,"column":21},"end":{"line":102,"column":null}},"line":98}},"branchMap":{"0":{"loc":{"start":{"line":12,"column":4},"end":{"line":14,"column":null}},"type":"if","locations":[{"start":{"line":12,"column":4},"end":{"line":14,"column":null}},{"start":{},"end":{}}],"line":12},"1":{"loc":{"start":{"line":35,"column":4},"end":{"line":37,"column":null}},"type":"if","locations":[{"start":{"line":35,"column":4},"end":{"line":37,"column":null}},{"start":{},"end":{}}],"line":35},"2":{"loc":{"start":{"line":35,"column":8},"end":{"line":35,"column":36}},"type":"binary-expr","locations":[{"start":{"line":35,"column":8},"end":{"line":35,"column":16}},{"start":{"line":35,"column":20},"end":{"line":35,"column":36}}],"line":35},"3":{"loc":{"start":{"line":36,"column":38},"end":{"line":36,"column":59}},"type":"binary-expr","locations":[{"start":{"line":36,"column":38},"end":{"line":36,"column":49}},{"start":{"line":36,"column":53},"end":{"line":36,"column":59}}],"line":36},"4":{"loc":{"start":{"line":42,"column":4},"end":{"line":92,"column":null}},"type":"if","locations":[{"start":{"line":42,"column":4},"end":{"line":92,"column":null}},{"start":{},"end":{}}],"line":42},"5":{"loc":{"start":{"line":45,"column":6},"end":{"line":83,"column":null}},"type":"if","locations":[{"start":{"line":45,"column":6},"end":{"line":83,"column":null}},{"start":{},"end":{}}],"line":45},"6":{"loc":{"start":{"line":45,"column":10},"end":{"line":45,"column":51}},"type":"binary-expr","locations":[{"start":{"line":45,"column":10},"end":{"line":45,"column":24}},{"start":{"line":45,"column":28},"end":{"line":45,"column":51}}],"line":45},"7":{"loc":{"start":{"line":47,"column":8},"end":{"line":51,"column":null}},"type":"if","locations":[{"start":{"line":47,"column":8},"end":{"line":51,"column":null}},{"start":{},"end":{}}],"line":47},"8":{"loc":{"start":{"line":53,"column":8},"end":{"line":60,"column":null}},"type":"if","locations":[{"start":{"line":53,"column":8},"end":{"line":60,"column":null}},{"start":{},"end":{}}],"line":53},"9":{"loc":{"start":{"line":68,"column":27},"end":{"line":68,"column":59}},"type":"binary-expr","locations":[{"start":{"line":68,"column":27},"end":{"line":68,"column":44}},{"start":{"line":68,"column":48},"end":{"line":68,"column":59}}],"line":68},"10":{"loc":{"start":{"line":69,"column":10},"end":{"line":71,"column":null}},"type":"if","locations":[{"start":{"line":69,"column":10},"end":{"line":71,"column":null}},{"start":{},"end":{}}],"line":69},"11":{"loc":{"start":{"line":85,"column":6},"end":{"line":88,"column":null}},"type":"if","locations":[{"start":{"line":85,"column":6},"end":{"line":88,"column":null}},{"start":{},"end":{}}],"line":85},"12":{"loc":{"start":{"line":86,"column":20},"end":{"line":86,"column":45}},"type":"binary-expr","locations":[{"start":{"line":86,"column":20},"end":{"line":86,"column":33}},{"start":{"line":86,"column":37},"end":{"line":86,"column":45}}],"line":86},"13":{"loc":{"start":{"line":90,"column":22},"end":{"line":90,"column":57}},"type":"binary-expr","locations":[{"start":{"line":90,"column":22},"end":{"line":90,"column":35}},{"start":{"line":90,"column":39},"end":{"line":90,"column":57}}],"line":90}},"s":{"0":4,"1":4,"2":2,"3":2,"4":1,"5":2,"6":1,"7":4,"8":4,"9":0,"10":0,"11":0,"12":0,"13":4,"14":4,"15":4,"16":2,"17":2,"18":6,"19":6,"20":5,"21":5,"22":1,"23":1,"24":1,"25":1,"26":1,"27":0,"28":0,"29":0,"30":0,"31":0,"32":0,"33":0,"34":0,"35":0,"36":0,"37":0,"38":1,"39":0,"40":0,"41":0,"42":0,"43":0,"44":0,"45":0,"46":0,"47":0,"48":4,"49":2,"50":2,"51":2,"52":5,"53":1,"54":3,"55":3,"56":3},"f":{"0":2,"1":1,"2":0,"3":0,"4":0,"5":4,"6":6,"7":0,"8":0,"9":3},"b":{"0":[1,1],"1":[2,2],"2":[4,3],"3":[2,1],"4":[5,1],"5":[1,4],"6":[5,1],"7":[1,0],"8":[0,0],"9":[0,0],"10":[0,1],"11":[2,2],"12":[2,1],"13":[2,1]},"meta":{"lastBranch":14,"lastFunction":10,"lastStatement":57,"seen":{"s:3:16:7:2":0,"s:9:0:18:Infinity":1,"f:10:2:10:3":0,"s:11:18:11:47":2,"b:12:4:14:Infinity:undefined:undefined:undefined:undefined":0,"s:12:4:14:Infinity":3,"s:13:6:13:Infinity":4,"s:15:4:15:Infinity":5,"f:17:2:17:3":1,"s:17:13:17:Infinity":6,"s:20:19:20:24":7,"s:21:25:21:27":8,"f:23:9:23:30":2,"s:24:2:24:Infinity":9,"f:27:9:27:25":3,"s:28:2:28:Infinity":10,"f:28:29:28:30":4,"s:28:37:28:49":11,"s:29:2:29:Infinity":12,"s:32:0:96:Infinity":13,"f:33:2:33:3":5,"s:34:16:34:29":14,"b:35:4:37:Infinity:undefined:undefined:undefined:undefined":1,"s:35:4:37:Infinity":15,"b:35:8:35:16:35:20:35:36":2,"s:36:6:36:Infinity":16,"b:36:38:36:49:36:53:36:59":3,"s:38:4:38:Infinity":17,"f:40:2:40:7":6,"s:41:28:41:40":18,"b:42:4:92:Infinity:undefined:undefined:undefined:undefined":4,"s:42:4:92:Infinity":19,"s:43:31:43:45":20,"b:45:6:83:Infinity:undefined:undefined:undefined:undefined":5,"s:45:6:83:Infinity":21,"b:45:10:45:24:45:28:45:51":6,"s:46:29:46:65":22,"b:47:8:51:Infinity:undefined:undefined:undefined:undefined":7,"s:47:8:51:Infinity":23,"s:48:10:48:Infinity":24,"s:49:10:49:Infinity":25,"s:50:10:50:Infinity":26,"b:53:8:60:Infinity:undefined:undefined:undefined:undefined":8,"s:53:8:60:Infinity":27,"s:54:10:59:Infinity":28,"f:54:29:54:30":7,"s:55:12:58:Infinity":29,"f:55:34:55:35":8,"s:56:14:56:Infinity":30,"s:57:14:57:Infinity":31,"s:62:8:62:Infinity":32,"s:63:8:63:Infinity":33,"s:65:8:82:Infinity":34,"s:66:22:66:77":35,"s:67:23:67:31":36,"s:68:27:68:59":37,"b:68:27:68:44:68:48:68:59":9,"b:69:10:71:Infinity:undefined:undefined:undefined:undefined":10,"s:69:10:71:Infinity":38,"s:70:12:70:Infinity":39,"s:72:10:72:Infinity":40,"s:73:10:73:Infinity":41,"s:74:10:74:Infinity":42,"s:75:10:75:Infinity":43,"s:77:10:77:Infinity":44,"s:78:10:78:Infinity":45,"s:79:10:79:Infinity":46,"s:81:10:81:Infinity":47,"b:85:6:88:Infinity:undefined:undefined:undefined:undefined":11,"s:85:6:88:Infinity":48,"s:86:20:86:45":49,"b:86:20:86:33:86:37:86:45":12,"s:87:8:87:Infinity":50,"s:90:22:90:57":51,"b:90:22:90:35:90:39:90:57":13,"s:91:6:91:Infinity":52,"s:94:4:94:Infinity":53,"f:98:9:98:18":9,"s:99:2:99:Infinity":54,"s:100:2:100:Infinity":55,"s:101:2:101:Infinity":56}}}
,"E:\\xiangmu\\WebYingYongProjects\\daxiangmu\\frontend\\src\\api\\reservation.js": {"path":"E:\\xiangmu\\WebYingYongProjects\\daxiangmu\\frontend\\src\\api\\reservation.js","statementMap":{"0":{"start":{"line":4,"column":2},"end":{"line":4,"column":null}},"1":{"start":{"line":8,"column":2},"end":{"line":8,"column":null}},"2":{"start":{"line":12,"column":2},"end":{"line":12,"column":null}}},"fnMap":{"0":{"name":"reserveBook","decl":{"start":{"line":3,"column":16},"end":{"line":3,"column":27}},"loc":{"start":{"line":3,"column":36},"end":{"line":5,"column":null}},"line":3},"1":{"name":"cancelReservation","decl":{"start":{"line":7,"column":16},"end":{"line":7,"column":33}},"loc":{"start":{"line":7,"column":38},"end":{"line":9,"column":null}},"line":7},"2":{"name":"getReservations","decl":{"start":{"line":11,"column":16},"end":{"line":11,"column":31}},"loc":{"start":{"line":11,"column":40},"end":{"line":13,"column":null}},"line":11}},"branchMap":{},"s":{"0":1,"1":1,"2":1},"f":{"0":1,"1":1,"2":1},"b":{},"meta":{"lastBranch":0,"lastFunction":3,"lastStatement":3,"seen":{"f:3:16:3:27":0,"s:4:2:4:Infinity":0,"f:7:16:7:33":1,"s:8:2:8:Infinity":1,"f:11:16:11:31":2,"s:12:2:12:Infinity":2}}}
,"E:\\xiangmu\\WebYingYongProjects\\daxiangmu\\frontend\\src\\api\\review.js": {"path":"E:\\xiangmu\\WebYingYongProjects\\daxiangmu\\frontend\\src\\api\\review.js","statementMap":{"0":{"start":{"line":4,"column":2},"end":{"line":4,"column":null}},"1":{"start":{"line":8,"column":2},"end":{"line":8,"column":null}},"2":{"start":{"line":12,"column":2},"end":{"line":12,"column":null}},"3":{"start":{"line":16,"column":2},"end":{"line":16,"column":null}},"4":{"start":{"line":20,"column":2},"end":{"line":20,"column":null}},"5":{"start":{"line":24,"column":2},"end":{"line":24,"column":null}},"6":{"start":{"line":28,"column":2},"end":{"line":28,"column":null}},"7":{"start":{"line":32,"column":2},"end":{"line":32,"column":null}},"8":{"start":{"line":36,"column":2},"end":{"line":36,"column":null}}},"fnMap":{"0":{"name":"createReview","decl":{"start":{"line":3,"column":16},"end":{"line":3,"column":28}},"loc":{"start":{"line":3,"column":35},"end":{"line":5,"column":null}},"line":3},"1":{"name":"updateReview","decl":{"start":{"line":7,"column":16},"end":{"line":7,"column":28}},"loc":{"start":{"line":7,"column":39},"end":{"line":9,"column":null}},"line":7},"2":{"name":"deleteReview","decl":{"start":{"line":11,"column":16},"end":{"line":11,"column":28}},"loc":{"start":{"line":11,"column":33},"end":{"line":13,"column":null}},"line":11},"3":{"name":"getBookReviews","decl":{"start":{"line":15,"column":16},"end":{"line":15,"column":30}},"loc":{"start":{"line":15,"column":47},"end":{"line":17,"column":null}},"line":15},"4":{"name":"voteReview","decl":{"start":{"line":19,"column":16},"end":{"line":19,"column":26}},"loc":{"start":{"line":19,"column":31},"end":{"line":21,"column":null}},"line":19},"5":{"name":"replyReview","decl":{"start":{"line":23,"column":16},"end":{"line":23,"column":27}},"loc":{"start":{"line":23,"column":56},"end":{"line":25,"column":null}},"line":23},"6":{"name":"getPendingReviews","decl":{"start":{"line":27,"column":16},"end":{"line":27,"column":33}},"loc":{"start":{"line":27,"column":42},"end":{"line":29,"column":null}},"line":27},"7":{"name":"approveReview","decl":{"start":{"line":31,"column":16},"end":{"line":31,"column":29}},"loc":{"start":{"line":31,"column":34},"end":{"line":33,"column":null}},"line":31},"8":{"name":"rejectReview","decl":{"start":{"line":35,"column":16},"end":{"line":35,"column":28}},"loc":{"start":{"line":35,"column":33},"end":{"line":37,"column":null}},"line":35}},"branchMap":{},"s":{"0":1,"1":1,"2":1,"3":1,"4":1,"5":1,"6":1,"7":1,"8":1},"f":{"0":1,"1":1,"2":1,"3":1,"4":1,"5":1,"6":1,"7":1,"8":1},"b":{},"meta":{"lastBranch":0,"lastFunction":9,"lastStatement":9,"seen":{"f:3:16:3:28":0,"s:4:2:4:Infinity":0,"f:7:16:7:28":1,"s:8:2:8:Infinity":1,"f:11:16:11:28":2,"s:12:2:12:Infinity":2,"f:15:16:15:30":3,"s:16:2:16:Infinity":3,"f:19:16:19:26":4,"s:20:2:20:Infinity":4,"f:23:16:23:27":5,"s:24:2:24:Infinity":5,"f:27:16:27:33":6,"s:28:2:28:Infinity":6,"f:31:16:31:29":7,"s:32:2:32:Infinity":7,"f:35:16:35:28":8,"s:36:2:36:Infinity":8}}}
,"E:\\xiangmu\\WebYingYongProjects\\daxiangmu\\frontend\\src\\api\\upload.js": {"path":"E:\\xiangmu\\WebYingYongProjects\\daxiangmu\\frontend\\src\\api\\upload.js","statementMap":{"0":{"start":{"line":3,"column":27},"end":{"line":3,"column":64}},"1":{"start":{"line":4,"column":17},"end":{"line":4,"column":32}},"2":{"start":{"line":5,"column":19},"end":{"line":5,"column":30}},"3":{"start":{"line":11,"column":19},"end":{"line":11,"column":33}},"4":{"start":{"line":12,"column":2},"end":{"line":12,"column":32}},"5":{"start":{"line":13,"column":2},"end":{"line":16,"column":5}},"6":{"start":{"line":23,"column":2},"end":{"line":23,"column":56}},"7":{"start":{"line":30,"column":19},"end":{"line":30,"column":33}},"8":{"start":{"line":31,"column":2},"end":{"line":31,"column":32}},"9":{"start":{"line":32,"column":2},"end":{"line":32,"column":36}},"10":{"start":{"line":33,"column":2},"end":{"line":33,"column":44}},"11":{"start":{"line":34,"column":2},"end":{"line":34,"column":46}},"12":{"start":{"line":35,"column":2},"end":{"line":35,"column":56}},"13":{"start":{"line":36,"column":2},"end":{"line":38,"column":5}},"14":{"start":{"line":45,"column":2},"end":{"line":45,"column":74}},"15":{"start":{"line":52,"column":2},"end":{"line":52,"column":75}},"16":{"start":{"line":63,"column":2},"end":{"line":65,"column":3}},"17":{"start":{"line":64,"column":4},"end":{"line":64,"column":34}},"18":{"start":{"line":67,"column":22},"end":{"line":67,"column":55}},"19":{"start":{"line":70,"column":23},"end":{"line":70,"column":25}},"20":{"start":{"line":71,"column":2},"end":{"line":76,"column":3}},"21":{"start":{"line":72,"column":21},"end":{"line":72,"column":46}},"22":{"start":{"line":73,"column":4},"end":{"line":73,"column":57}},"23":{"start":{"line":79,"column":2},"end":{"line":112,"column":3}},"24":{"start":{"line":79,"column":15},"end":{"line":79,"column":16}},"25":{"start":{"line":80,"column":4},"end":{"line":86,"column":5}},"26":{"start":{"line":82,"column":6},"end":{"line":84,"column":7}},"27":{"start":{"line":83,"column":8},"end":{"line":83,"column":62}},"28":{"start":{"line":85,"column":6},"end":{"line":85,"column":15}},"29":{"start":{"line":88,"column":18},"end":{"line":88,"column":32}},"30":{"start":{"line":89,"column":16},"end":{"line":89,"column":55}},"31":{"start":{"line":90,"column":22},"end":{"line":90,"column":44}},"32":{"start":{"line":93,"column":18},"end":{"line":93,"column":19}},"33":{"start":{"line":94,"column":18},"end":{"line":94,"column":23}},"34":{"start":{"line":95,"column":4},"end":{"line":107,"column":5}},"35":{"start":{"line":96,"column":6},"end":{"line":106,"column":7}},"36":{"start":{"line":97,"column":8},"end":{"line":97,"column":61}},"37":{"start":{"line":98,"column":8},"end":{"line":98,"column":23}},"38":{"start":{"line":100,"column":8},"end":{"line":100,"column":18}},"39":{"start":{"line":101,"column":8},"end":{"line":103,"column":9}},"40":{"start":{"line":102,"column":10},"end":{"line":102,"column":56}},"41":{"start":{"line":105,"column":8},"end":{"line":105,"column":64}},"42":{"start":{"line":105,"column":37},"end":{"line":105,"column":62}},"43":{"start":{"line":109,"column":4},"end":{"line":111,"column":5}},"44":{"start":{"line":110,"column":6},"end":{"line":110,"column":60}},"45":{"start":{"line":115,"column":19},"end":{"line":115,"column":44}},"46":{"start":{"line":116,"column":2},"end":{"line":116,"column":28}},"47":{"start":{"line":123,"column":20},"end":{"line":123,"column":30}},"48":{"start":{"line":124,"column":17},"end":{"line":124,"column":59}},"49":{"start":{"line":125,"column":2},"end":{"line":125,"column":47}},"50":{"start":{"line":133,"column":2},"end":{"line":135,"column":3}},"51":{"start":{"line":134,"column":4},"end":{"line":134,"column":46}},"52":{"start":{"line":138,"column":20},"end":{"line":138,"column":60}},"53":{"start":{"line":139,"column":2},"end":{"line":141,"column":3}},"54":{"start":{"line":140,"column":4},"end":{"line":140,"column":85}},"55":{"start":{"line":144,"column":2},"end":{"line":146,"column":3}},"56":{"start":{"line":145,"column":4},"end":{"line":145,"column":48}},"57":{"start":{"line":149,"column":2},"end":{"line":151,"column":3}},"58":{"start":{"line":150,"column":4},"end":{"line":150,"column":77}},"59":{"start":{"line":153,"column":2},"end":{"line":153,"column":25}},"60":{"start":{"line":159,"column":19},"end":{"line":159,"column":33}},"61":{"start":{"line":160,"column":2},"end":{"line":160,"column":32}},"62":{"start":{"line":161,"column":2},"end":{"line":163,"column":3}},"63":{"start":{"line":162,"column":4},"end":{"line":162,"column":38}},"64":{"start":{"line":164,"column":2},"end":{"line":166,"column":5}},"65":{"start":{"line":170,"column":19},"end":{"line":170,"column":33}},"66":{"start":{"line":171,"column":2},"end":{"line":171,"column":32}},"67":{"start":{"line":172,"column":2},"end":{"line":174,"column":5}}},"fnMap":{"0":{"name":"uploadAvatar","decl":{"start":{"line":10,"column":16},"end":{"line":10,"column":28}},"loc":{"start":{"line":10,"column":47},"end":{"line":17,"column":1}},"line":10},"1":{"name":"updateAvatarUrl","decl":{"start":{"line":22,"column":16},"end":{"line":22,"column":31}},"loc":{"start":{"line":22,"column":43},"end":{"line":24,"column":1}},"line":22},"2":{"name":"uploadChunk","decl":{"start":{"line":29,"column":16},"end":{"line":29,"column":27}},"loc":{"start":{"line":29,"column":67},"end":{"line":39,"column":1}},"line":29},"3":{"name":"checkChunks","decl":{"start":{"line":44,"column":16},"end":{"line":44,"column":27}},"loc":{"start":{"line":44,"column":36},"end":{"line":46,"column":1}},"line":44},"4":{"name":"mergeChunks","decl":{"start":{"line":51,"column":16},"end":{"line":51,"column":27}},"loc":{"start":{"line":51,"column":36},"end":{"line":53,"column":1}},"line":51},"5":{"name":"chunkUpload","decl":{"start":{"line":62,"column":22},"end":{"line":62,"column":33}},"loc":{"start":{"line":62,"column":60},"end":{"line":117,"column":1}},"line":62},"6":{"name":"(anonymous_6)","decl":{"start":{"line":105,"column":26},"end":{"line":105,"column":33}},"loc":{"start":{"line":105,"column":37},"end":{"line":105,"column":62}},"line":105},"7":{"name":"generateFileId","decl":{"start":{"line":122,"column":9},"end":{"line":122,"column":23}},"loc":{"start":{"line":122,"column":30},"end":{"line":126,"column":1}},"line":122},"8":{"name":"validateImageFile","decl":{"start":{"line":132,"column":16},"end":{"line":132,"column":33}},"loc":{"start":{"line":132,"column":40},"end":{"line":154,"column":1}},"line":132},"9":{"name":"uploadFile","decl":{"start":{"line":158,"column":16},"end":{"line":158,"column":26}},"loc":{"start":{"line":158,"column":41},"end":{"line":167,"column":1}},"line":158},"10":{"name":"uploadCover","decl":{"start":{"line":169,"column":16},"end":{"line":169,"column":27}},"loc":{"start":{"line":169,"column":34},"end":{"line":175,"column":1}},"line":169}},"branchMap":{"0":{"loc":{"start":{"line":35,"column":30},"end":{"line":35,"column":54}},"type":"binary-expr","locations":[{"start":{"line":35,"column":30},"end":{"line":35,"column":39}},{"start":{"line":35,"column":43},"end":{"line":35,"column":54}}],"line":35},"1":{"loc":{"start":{"line":63,"column":2},"end":{"line":65,"column":3}},"type":"if","locations":[{"start":{"line":63,"column":2},"end":{"line":65,"column":3}},{"start":{},"end":{}}],"line":63},"2":{"loc":{"start":{"line":73,"column":21},"end":{"line":73,"column":56}},"type":"binary-expr","locations":[{"start":{"line":73,"column":21},"end":{"line":73,"column":50}},{"start":{"line":73,"column":54},"end":{"line":73,"column":56}}],"line":73},"3":{"loc":{"start":{"line":80,"column":4},"end":{"line":86,"column":5}},"type":"if","locations":[{"start":{"line":80,"column":4},"end":{"line":86,"column":5}},{"start":{},"end":{}}],"line":80},"4":{"loc":{"start":{"line":82,"column":6},"end":{"line":84,"column":7}},"type":"if","locations":[{"start":{"line":82,"column":6},"end":{"line":84,"column":7}},{"start":{},"end":{}}],"line":82},"5":{"loc":{"start":{"line":95,"column":11},"end":{"line":95,"column":34}},"type":"binary-expr","locations":[{"start":{"line":95,"column":11},"end":{"line":95,"column":22}},{"start":{"line":95,"column":26},"end":{"line":95,"column":34}}],"line":95},"6":{"loc":{"start":{"line":101,"column":8},"end":{"line":103,"column":9}},"type":"if","locations":[{"start":{"line":101,"column":8},"end":{"line":103,"column":9}},{"start":{},"end":{}}],"line":101},"7":{"loc":{"start":{"line":109,"column":4},"end":{"line":111,"column":5}},"type":"if","locations":[{"start":{"line":109,"column":4},"end":{"line":111,"column":5}},{"start":{},"end":{}}],"line":109},"8":{"loc":{"start":{"line":133,"column":2},"end":{"line":135,"column":3}},"type":"if","locations":[{"start":{"line":133,"column":2},"end":{"line":135,"column":3}},{"start":{},"end":{}}],"line":133},"9":{"loc":{"start":{"line":139,"column":2},"end":{"line":141,"column":3}},"type":"if","locations":[{"start":{"line":139,"column":2},"end":{"line":141,"column":3}},{"start":{},"end":{}}],"line":139},"10":{"loc":{"start":{"line":144,"column":2},"end":{"line":146,"column":3}},"type":"if","locations":[{"start":{"line":144,"column":2},"end":{"line":146,"column":3}},{"start":{},"end":{}}],"line":144},"11":{"loc":{"start":{"line":144,"column":6},"end":{"line":144,"column":50}},"type":"binary-expr","locations":[{"start":{"line":144,"column":6},"end":{"line":144,"column":15}},{"start":{"line":144,"column":19},"end":{"line":144,"column":50}}],"line":144},"12":{"loc":{"start":{"line":149,"column":2},"end":{"line":151,"column":3}},"type":"if","locations":[{"start":{"line":149,"column":2},"end":{"line":151,"column":3}},{"start":{},"end":{}}],"line":149},"13":{"loc":{"start":{"line":161,"column":2},"end":{"line":163,"column":3}},"type":"if","locations":[{"start":{"line":161,"column":2},"end":{"line":163,"column":3}},{"start":{},"end":{}}],"line":161}},"s":{"0":1,"1":1,"2":1,"3":0,"4":0,"5":0,"6":0,"7":0,"8":0,"9":0,"10":0,"11":0,"12":0,"13":0,"14":0,"15":0,"16":0,"17":0,"18":0,"19":0,"20":0,"21":0,"22":0,"23":0,"24":0,"25":0,"26":0,"27":0,"28":0,"29":0,"30":0,"31":0,"32":0,"33":0,"34":0,"35":0,"36":0,"37":0,"38":0,"39":0,"40":0,"41":0,"42":0,"43":0,"44":0,"45":0,"46":0,"47":0,"48":0,"49":0,"50":14,"51":2,"52":12,"53":12,"54":2,"55":10,"56":1,"57":9,"58":1,"59":8,"60":0,"61":0,"62":0,"63":0,"64":0,"65":0,"66":0,"67":0},"f":{"0":0,"1":0,"2":0,"3":0,"4":0,"5":0,"6":0,"7":0,"8":14,"9":0,"10":0},"b":{"0":[0,0],"1":[0,0],"2":[0,0],"3":[0,0],"4":[0,0],"5":[0,0],"6":[0,0],"7":[0,0],"8":[2,12],"9":[2,10],"10":[1,9],"11":[10,9],"12":[1,8],"13":[0,0]},"meta":{"lastBranch":14,"lastFunction":11,"lastStatement":68,"seen":{"s:3:27:3:64":0,"s:4:17:4:32":1,"s:5:19:5:30":2,"f:10:16:10:28":0,"s:11:19:11:33":3,"s:12:2:12:32":4,"s:13:2:16:5":5,"f:22:16:22:31":1,"s:23:2:23:56":6,"f:29:16:29:27":2,"s:30:19:30:33":7,"s:31:2:31:32":8,"s:32:2:32:36":9,"s:33:2:33:44":10,"s:34:2:34:46":11,"s:35:2:35:56":12,"b:35:30:35:39:35:43:35:54":0,"s:36:2:38:5":13,"f:44:16:44:27":3,"s:45:2:45:74":14,"f:51:16:51:27":4,"s:52:2:52:75":15,"f:62:22:62:33":5,"b:63:2:65:3:undefined:undefined:undefined:undefined":1,"s:63:2:65:3":16,"s:64:4:64:34":17,"s:67:22:67:55":18,"s:70:23:70:25":19,"s:71:2:76:3":20,"s:72:21:72:46":21,"s:73:4:73:57":22,"b:73:21:73:50:73:54:73:56":2,"s:79:2:112:3":23,"s:79:15:79:16":24,"b:80:4:86:5:undefined:undefined:undefined:undefined":3,"s:80:4:86:5":25,"b:82:6:84:7:undefined:undefined:undefined:undefined":4,"s:82:6:84:7":26,"s:83:8:83:62":27,"s:85:6:85:15":28,"s:88:18:88:32":29,"s:89:16:89:55":30,"s:90:22:90:44":31,"s:93:18:93:19":32,"s:94:18:94:23":33,"s:95:4:107:5":34,"b:95:11:95:22:95:26:95:34":5,"s:96:6:106:7":35,"s:97:8:97:61":36,"s:98:8:98:23":37,"s:100:8:100:18":38,"b:101:8:103:9:undefined:undefined:undefined:undefined":6,"s:101:8:103:9":39,"s:102:10:102:56":40,"s:105:8:105:64":41,"f:105:26:105:33":6,"s:105:37:105:62":42,"b:109:4:111:5:undefined:undefined:undefined:undefined":7,"s:109:4:111:5":43,"s:110:6:110:60":44,"s:115:19:115:44":45,"s:116:2:116:28":46,"f:122:9:122:23":7,"s:123:20:123:30":47,"s:124:17:124:59":48,"s:125:2:125:47":49,"f:132:16:132:33":8,"b:133:2:135:3:undefined:undefined:undefined:undefined":8,"s:133:2:135:3":50,"s:134:4:134:46":51,"s:138:20:138:60":52,"b:139:2:141:3:undefined:undefined:undefined:undefined":9,"s:139:2:141:3":53,"s:140:4:140:85":54,"b:144:2:146:3:undefined:undefined:undefined:undefined":10,"s:144:2:146:3":55,"b:144:6:144:15:144:19:144:50":11,"s:145:4:145:48":56,"b:149:2:151:3:undefined:undefined:undefined:undefined":12,"s:149:2:151:3":57,"s:150:4:150:77":58,"s:153:2:153:25":59,"f:158:16:158:26":9,"s:159:19:159:33":60,"s:160:2:160:32":61,"b:161:2:163:3:undefined:undefined:undefined:undefined":13,"s:161:2:163:3":62,"s:162:4:162:38":63,"s:164:2:166:5":64,"f:169:16:169:27":10,"s:170:19:170:33":65,"s:171:2:171:32":66,"s:172:2:174:5":67}}}
,"E:\\xiangmu\\WebYingYongProjects\\daxiangmu\\frontend\\src\\api\\user.js": {"path":"E:\\xiangmu\\WebYingYongProjects\\daxiangmu\\frontend\\src\\api\\user.js","statementMap":{"0":{"start":{"line":4,"column":2},"end":{"line":4,"column":null}},"1":{"start":{"line":8,"column":2},"end":{"line":8,"column":null}},"2":{"start":{"line":12,"column":2},"end":{"line":12,"column":null}},"3":{"start":{"line":16,"column":16},"end":{"line":18,"column":79}},"4":{"start":{"line":19,"column":2},"end":{"line":19,"column":null}},"5":{"start":{"line":23,"column":2},"end":{"line":23,"column":null}},"6":{"start":{"line":27,"column":2},"end":{"line":27,"column":null}},"7":{"start":{"line":31,"column":2},"end":{"line":31,"column":null}},"8":{"start":{"line":35,"column":2},"end":{"line":35,"column":null}},"9":{"start":{"line":39,"column":2},"end":{"line":39,"column":null}},"10":{"start":{"line":43,"column":2},"end":{"line":43,"column":null}},"11":{"start":{"line":47,"column":2},"end":{"line":47,"column":null}}},"fnMap":{"0":{"name":"getUserProfile","decl":{"start":{"line":3,"column":16},"end":{"line":3,"column":30}},"loc":{"start":{"line":3,"column":33},"end":{"line":5,"column":null}},"line":3},"1":{"name":"updateUserProfile","decl":{"start":{"line":7,"column":16},"end":{"line":7,"column":33}},"loc":{"start":{"line":7,"column":40},"end":{"line":9,"column":null}},"line":7},"2":{"name":"changePassword","decl":{"start":{"line":11,"column":16},"end":{"line":11,"column":30}},"loc":{"start":{"line":11,"column":57},"end":{"line":13,"column":null}},"line":11},"3":{"name":"registerFace","decl":{"start":{"line":15,"column":16},"end":{"line":15,"column":28}},"loc":{"start":{"line":15,"column":42},"end":{"line":20,"column":null}},"line":15},"4":{"name":"unregisterFace","decl":{"start":{"line":22,"column":16},"end":{"line":22,"column":30}},"loc":{"start":{"line":22,"column":33},"end":{"line":24,"column":null}},"line":22},"5":{"name":"getUserStats","decl":{"start":{"line":26,"column":16},"end":{"line":26,"column":28}},"loc":{"start":{"line":26,"column":31},"end":{"line":28,"column":null}},"line":26},"6":{"name":"getAllUsers","decl":{"start":{"line":30,"column":16},"end":{"line":30,"column":27}},"loc":{"start":{"line":30,"column":36},"end":{"line":32,"column":null}},"line":30},"7":{"name":"toggleUserStatus","decl":{"start":{"line":34,"column":16},"end":{"line":34,"column":32}},"loc":{"start":{"line":34,"column":37},"end":{"line":36,"column":null}},"line":34},"8":{"name":"createUser","decl":{"start":{"line":38,"column":16},"end":{"line":38,"column":26}},"loc":{"start":{"line":38,"column":33},"end":{"line":40,"column":null}},"line":38},"9":{"name":"updateUser","decl":{"start":{"line":42,"column":16},"end":{"line":42,"column":26}},"loc":{"start":{"line":42,"column":37},"end":{"line":44,"column":null}},"line":42},"10":{"name":"deleteUser","decl":{"start":{"line":46,"column":16},"end":{"line":46,"column":26}},"loc":{"start":{"line":46,"column":31},"end":{"line":48,"column":null}},"line":46}},"branchMap":{"0":{"loc":{"start":{"line":16,"column":16},"end":{"line":18,"column":79}},"type":"cond-expr","locations":[{"start":{"line":17,"column":6},"end":{"line":17,"column":null}},{"start":{"line":18,"column":7},"end":{"line":18,"column":78}}],"line":16},"1":{"loc":{"start":{"line":18,"column":7},"end":{"line":18,"column":78}},"type":"cond-expr","locations":[{"start":{"line":18,"column":41},"end":{"line":18,"column":64}},{"start":{"line":18,"column":67},"end":{"line":18,"column":78}}],"line":18}},"s":{"0":1,"1":1,"2":1,"3":3,"4":3,"5":1,"6":1,"7":1,"8":1,"9":1,"10":1,"11":1},"f":{"0":1,"1":1,"2":1,"3":3,"4":1,"5":1,"6":1,"7":1,"8":1,"9":1,"10":1},"b":{"0":[1,2],"1":[1,1]},"meta":{"lastBranch":2,"lastFunction":11,"lastStatement":12,"seen":{"f:3:16:3:30":0,"s:4:2:4:Infinity":0,"f:7:16:7:33":1,"s:8:2:8:Infinity":1,"f:11:16:11:30":2,"s:12:2:12:Infinity":2,"f:15:16:15:28":3,"s:16:16:18:79":3,"b:17:6:17:Infinity:18:7:18:78":0,"b:18:41:18:64:18:67:18:78":1,"s:19:2:19:Infinity":4,"f:22:16:22:30":4,"s:23:2:23:Infinity":5,"f:26:16:26:28":5,"s:27:2:27:Infinity":6,"f:30:16:30:27":6,"s:31:2:31:Infinity":7,"f:34:16:34:32":7,"s:35:2:35:Infinity":8,"f:38:16:38:26":8,"s:39:2:39:Infinity":9,"f:42:16:42:26":9,"s:43:2:43:Infinity":10,"f:46:16:46:26":10,"s:47:2:47:Infinity":11}}}
,"E:\\xiangmu\\WebYingYongProjects\\daxiangmu\\frontend\\src\\components\\AuthModal.jsx": {"path":"E:\\xiangmu\\WebYingYongProjects\\daxiangmu\\frontend\\src\\components\\AuthModal.jsx","statementMap":{"0":{"start":{"line":9,"column":12},"end":{"line":9,"column":null}},"1":{"start":{"line":10,"column":37},"end":{"line":10,"column":null}},"2":{"start":{"line":11,"column":17},"end":{"line":11,"column":null}},"3":{"start":{"line":12,"column":19},"end":{"line":12,"column":null}},"4":{"start":{"line":13,"column":32},"end":{"line":13,"column":null}},"5":{"start":{"line":14,"column":42},"end":{"line":14,"column":null}},"6":{"start":{"line":16,"column":2},"end":{"line":22,"column":null}},"7":{"start":{"line":17,"column":4},"end":{"line":21,"column":null}},"8":{"start":{"line":18,"column":6},"end":{"line":18,"column":null}},"9":{"start":{"line":19,"column":6},"end":{"line":19,"column":null}},"10":{"start":{"line":20,"column":6},"end":{"line":20,"column":null}},"11":{"start":{"line":35,"column":2},"end":{"line":35,"column":null}},"12":{"start":{"line":37,"column":2},"end":{"line":45,"column":null}},"13":{"start":{"line":38,"column":4},"end":{"line":40,"column":null}},"14":{"start":{"line":39,"column":6},"end":{"line":39,"column":null}},"15":{"start":{"line":41,"column":4},"end":{"line":43,"column":null}},"16":{"start":{"line":42,"column":6},"end":{"line":42,"column":null}},"17":{"start":{"line":44,"column":4},"end":{"line":44,"column":null}},"18":{"start":{"line":44,"column":17},"end":{"line":44,"column":null}},"19":{"start":{"line":47,"column":2},"end":{"line":51,"column":null}},"20":{"start":{"line":48,"column":4},"end":{"line":50,"column":null}},"21":{"start":{"line":49,"column":6},"end":{"line":49,"column":null}},"22":{"start":{"line":53,"column":31},"end":{"line":79,"column":null}},"23":{"start":{"line":54,"column":4},"end":{"line":69,"column":null}},"24":{"start":{"line":55,"column":6},"end":{"line":58,"column":null}},"25":{"start":{"line":56,"column":8},"end":{"line":56,"column":null}},"26":{"start":{"line":57,"column":8},"end":{"line":57,"column":null}},"27":{"start":{"line":59,"column":21},"end":{"line":59,"column":null}},"28":{"start":{"line":60,"column":6},"end":{"line":67,"column":null}},"29":{"start":{"line":61,"column":8},"end":{"line":61,"column":null}},"30":{"start":{"line":62,"column":8},"end":{"line":62,"column":null}},"31":{"start":{"line":63,"column":8},"end":{"line":63,"column":null}},"32":{"start":{"line":64,"column":8},"end":{"line":64,"column":null}},"33":{"start":{"line":66,"column":8},"end":{"line":66,"column":null}},"34":{"start":{"line":68,"column":6},"end":{"line":68,"column":null}},"35":{"start":{"line":70,"column":19},"end":{"line":70,"column":null}},"36":{"start":{"line":71,"column":4},"end":{"line":78,"column":null}},"37":{"start":{"line":72,"column":6},"end":{"line":72,"column":null}},"38":{"start":{"line":73,"column":6},"end":{"line":73,"column":null}},"39":{"start":{"line":74,"column":6},"end":{"line":74,"column":null}},"40":{"start":{"line":75,"column":6},"end":{"line":75,"column":null}},"41":{"start":{"line":77,"column":6},"end":{"line":77,"column":null}},"42":{"start":{"line":81,"column":26},"end":{"line":95,"column":null}},"43":{"start":{"line":82,"column":23},"end":{"line":82,"column":null}},"44":{"start":{"line":83,"column":4},"end":{"line":86,"column":null}},"45":{"start":{"line":84,"column":6},"end":{"line":84,"column":null}},"46":{"start":{"line":85,"column":6},"end":{"line":85,"column":null}},"47":{"start":{"line":87,"column":19},"end":{"line":87,"column":null}},"48":{"start":{"line":88,"column":4},"end":{"line":94,"column":null}},"49":{"start":{"line":89,"column":6},"end":{"line":89,"column":null}},"50":{"start":{"line":90,"column":6},"end":{"line":90,"column":null}},"51":{"start":{"line":91,"column":6},"end":{"line":91,"column":null}},"52":{"start":{"line":93,"column":6},"end":{"line":93,"column":null}},"53":{"start":{"line":97,"column":23},"end":{"line":101,"column":null}},"54":{"start":{"line":98,"column":4},"end":{"line":98,"column":null}},"55":{"start":{"line":99,"column":4},"end":{"line":99,"column":null}},"56":{"start":{"line":100,"column":4},"end":{"line":100,"column":null}},"57":{"start":{"line":103,"column":19},"end":{"line":205,"column":null}},"58":{"start":{"line":207,"column":2},"end":{"line":227,"column":null}}},"fnMap":{"0":{"name":"AuthModal","decl":{"start":{"line":8,"colum
[...]
,"E:\\xiangmu\\WebYingYongProjects\\daxiangmu\\frontend\\src\\store\\useUserStore.js": {"path":"E:\\xiangmu\\WebYingYongProjects\\daxiangmu\\frontend\\src\\store\\useUserStore.js","statementMap":{"0":{"start":{"line":6,"column":27},"end":{"line":82,"column":3}},"1":{"start":{"line":6,"column":50},"end":{"line":82,"column":1}},"2":{"start":{"line":10,"column":4},"end":{"line":15,"column":null}},"3":{"start":{"line":11,"column":18},"end":{"line":11,"column":78}},"4":{"start":{"line":12,"column":6},"end":{"line":12,"column":null}},"5":{"start":{"line":14,"column":6},"end":{"line":14,"column":null}},"6":{"start":{"line":19,"column":4},"end":{"line":25,"column":null}},"7":{"start":{"line":20,"column":6},"end":{"line":20,"column":null}},"8":{"start":{"line":21,"column":6},"end":{"line":21,"column":null}},"9":{"start":{"line":22,"column":6},"end":{"line":22,"column":null}},"10":{"start":{"line":24,"column":6},"end":{"line":24,"column":null}},"11":{"start":{"line":29,"column":4},"end":{"line":34,"column":null}},"12":{"start":{"line":30,"column":6},"end":{"line":30,"column":null}},"13":{"start":{"line":31,"column":6},"end":{"line":31,"column":null}},"14":{"start":{"line":33,"column":6},"end":{"line":33,"column":null}},"15":{"start":{"line":38,"column":4},"end":{"line":43,"column":null}},"16":{"start":{"line":39,"column":6},"end":{"line":39,"column":null}},"17":{"start":{"line":40,"column":6},"end":{"line":40,"column":null}},"18":{"start":{"line":42,"column":6},"end":{"line":42,"column":null}},"19":{"start":{"line":47,"column":4},"end":{"line":52,"column":null}},"20":{"start":{"line":48,"column":6},"end":{"line":48,"column":null}},"21":{"start":{"line":49,"column":6},"end":{"line":49,"column":null}},"22":{"start":{"line":51,"column":6},"end":{"line":51,"column":null}},"23":{"start":{"line":56,"column":4},"end":{"line":66,"column":null}},"24":{"start":{"line":57,"column":6},"end":{"line":57,"column":null}},"25":{"start":{"line":58,"column":18},"end":{"line":58,"column":48}},"26":{"start":{"line":59,"column":19},"end":{"line":59,"column":54}},"27":{"start":{"line":60,"column":26},"end":{"line":60,"column":50}},"28":{"start":{"line":61,"column":6},"end":{"line":61,"column":null}},"29":{"start":{"line":62,"column":6},"end":{"line":62,"column":null}},"30":{"start":{"line":63,"column":6},"end":{"line":63,"column":null}},"31":{"start":{"line":65,"column":6},"end":{"line":65,"column":null}},"32":{"start":{"line":70,"column":4},"end":{"line":80,"column":null}},"33":{"start":{"line":71,"column":6},"end":{"line":71,"column":null}},"34":{"start":{"line":72,"column":18},"end":{"line":72,"column":48}},"35":{"start":{"line":73,"column":19},"end":{"line":73,"column":54}},"36":{"start":{"line":74,"column":26},"end":{"line":74,"column":50}},"37":{"start":{"line":75,"column":6},"end":{"line":75,"column":null}},"38":{"start":{"line":76,"column":6},"end":{"line":76,"column":null}},"39":{"start":{"line":77,"column":6},"end":{"line":77,"column":null}},"40":{"start":{"line":79,"column":6},"end":{"line":79,"column":null}}},"fnMap":{"0":{"name":"(anonymous_0)","decl":{"start":{"line":6,"column":35},"end":{"line":6,"column":36}},"loc":{"start":{"line":6,"column":50},"end":{"line":82,"column":1}},"line":6},"1":{"name":"(anonymous_1)","decl":{"start":{"line":9,"column":14},"end":{"line":9,"column":19}},"loc":{"start":{"line":9,"column":37},"end":{"line":16,"column":3}},"line":9},"2":{"name":"(anonymous_2)","decl":{"start":{"line":18,"column":20},"end":{"line":18,"column":25}},"loc":{"start":{"line":18,"column":34},"end":{"line":26,"column":3}},"line":18},"3":{"name":"(anonymous_3)","decl":{"start":{"line":28,"column":16},"end":{"line":28,"column":21}},"loc":{"start":{"line":28,"column":47},"end":{"line":35,"column":3}},"line":28},"4":{"name":"(anonymous_4)","decl":{"start":{"line":37,"column":18},"end":{"line":37,"column":23}},"loc":{"start":{"line":37,"column":36},"end":{"line":44,"column":3}},"line":37},"5":{"name":"(anonymous_5)","decl":{"start":{"line":46,"column":18},"end":{"line":46,"column":23}},"loc":{"start":{"line":46,"column":54},"end":{"line":53,"column":3}},"line":46},"6":{"name":"(anonymous_6)","decl":{"start":{"line":55,"column":21},"end":{"line":55,"column":26}},"loc":{"start":{"line":55,"column":37},"end":{"line":67,"column":3}},"line":55},"7":{"name":"(anonymous_7)","decl":{"start":{"line":69,"column":16},"end":{"line":69,"column":21}},"loc":{"start":{"line":69,"column":37},"end":{"line":81,"column":3}},"line":69}},"branchMap":{"0":{"loc":{"start":{"line":9,"column":21},"end":{"line":9,"column":32}},"type":"default-arg","locations":[{"start":{"line":9,"column":30},"end":{"line":9,"column":32}}],"line":9},"1":{"loc":{"start":{"line":12,"column":19},"end":{"line":12,"column":38}},"type":"binary-expr","locations":[{"start":{"line":12,"column":19},"end":{"line":12,"column":32}},{"start":{"line":12,"column":36},"end":{"line":12,"column":38}}],"line":12}},"s":{"0":1,"1":1,"2":5,"3":5,"4":4,"5":1,"6":2,"7":2,"8":1,"9":1,"10":1,"11":2,"12":2,"13":1,"14":1,"15":2,"16":2,"17":1,"18":1,"19":2,"20":2,"21":1,"22":1,"23":4,"24":4,"25":3,"26":2,"27":2,"28":2,"29":2,"30":2,"31":2,"32":3,"33":3,"34":2,"35":1,"36":1,"37":1,"38":1,"39":1,"40":2},"f":{"0":1,"1":5,"2":2,"3":2,"4":2,"5":2,"6":4,"7":3},"b":{"0":[5],"1":[4,1]},"meta":{"lastBranch":2,"lastFunction":8,"lastStatement":41,"seen":{"s:6:27:82:3":0,"f:6:35:6:36":0,"s:6:50:82:1":1,"f:9:14:9:19":1,"b:9:30:9:32":0,"s:10:4:15:Infinity":2,"s:11:18:11:78":3,"s:12:6:12:Infinity":4,"b:12:19:12:32:12:36:12:38":1,"s:14:6:14:Infinity":5,"f:18:20:18:25":2,"s:19:4:25:Infinity":6,"s:20:6:20:Infinity":7,"s:21:6:21:Infinity":8,"s:22:6:22:Infinity":9,"s:24:6:24:Infinity":10,"f:28:16:28:21":3,"s:29:4:34:Infinity":11,"s:30:6:30:Infinity":12,"s:31:6:31:Infinity":13,"s:33:6:33:Infinity":14,"f:37:18:37:23":4,"s:38:4:43:Infinity":15,"s:39:6:39:Infinity":16,"s:40:6:40:Infinity":17,"s:42:6:42:Infinity":18,"f:46:18:46:23":5,"s:47:4:52:Infinity":19,"s:48:6:48:Infinity":20,"s:49:6:49:Infinity":21,"s:51:6:51:Infinity":22,"f:55:21:55:26":6,"s:56:4:66:Infinity":23,"s:57:6:57:Infinity":24,"s:58:18:58:48":25,"s:59:19:59:54":26,"s:60:26:60:50":27,"s:61:6:61:Infinity":28,"s:62:6:62:Infinity":29,"s:63:6:63:Infinity":30,"s:65:6:65:Infinity":31,"f:69:16:69:21":7,"s:70:4:80:Infinity":32,"s:71:6:71:Infinity":33,"s:72:18:72:48":34,"s:73:19:73:54":35,"s:74:26:74:50":36,"s:75:6:75:Infinity":37,"s:76:6:76:Infinity":38,"s:77:6:77:Infinity":39,"s:79:6:79:Infinity":40}}}
,"E:\\xiangmu\\WebYingYongProjects\\daxiangmu\\frontend\\src\\utils\\emotionMapping.js": {"path":"E:\\xiangmu\\WebYingYongProjects\\daxiangmu\\frontend\\src\\utils\\emotionMapping.js","statementMap":{"0":{"start":{"line":1,"column":29},"end":{"line":9,"column":1}},"1":{"start":{"line":12,"column":2},"end":{"line":12,"column":null}},"2":{"start":{"line":16,"column":17},"end":{"line":16,"column":42}},"3":{"start":{"line":17,"column":16},"end":{"line":17,"column":42}},"4":{"start":{"line":18,"column":16},"end":{"line":20,"column":3}},"5":{"start":{"line":19,"column":29},"end":{"line":19,"column":51}},"6":{"start":{"line":19,"column":64},"end":{"line":19,"column":68}},"7":{"start":{"line":21,"column":13},"end":{"line":23,"column":11}},"8":{"start":{"line":22,"column":26},"end":{"line":22,"column":49}},"9":{"start":{"line":24,"column":2},"end":{"line":24,"column":null}},"10":{"start":{"line":24,"column":25},"end":{"line":24,"column":null}},"11":{"start":{"line":25,"column":2},"end":{"line":27,"column":null}},"12":{"start":{"line":26,"column":20},"end":{"line":26,"column":53}},"13":{"start":{"line":30,"column":28},"end":{"line":30,"column":61}}},"fnMap":{"0":{"name":"getEmotionConfig","decl":{"start":{"line":11,"column":16},"end":{"line":11,"column":32}},"loc":{"start":{"line":11,"column":42},"end":{"line":13,"column":null}},"line":11},"1":{"name":"getBooksByEmotion","decl":{"start":{"line":15,"column":16},"end":{"line":15,"column":33}},"loc":{"start":{"line":15,"column":67},"end":{"line":28,"column":null}},"line":15},"2":{"name":"(anonymous_2)","decl":{"start":{"line":19,"column":22},"end":{"line":19,"column":23}},"loc":{"start":{"line":19,"column":29},"end":{"line":19,"column":51}},"line":19},"3":{"name":"(anonymous_3)","decl":{"start":{"line":19,"column":57},"end":{"line":19,"column":58}},"loc":{"start":{"line":19,"column":64},"end":{"line":19,"column":68}},"line":19},"4":{"name":"(anonymous_4)","decl":{"start":{"line":22,"column":19},"end":{"line":22,"column":20}},"loc":{"start":{"line":22,"column":26},"end":{"line":22,"column":49}},"line":22},"5":{"name":"(anonymous_5)","decl":{"start":{"line":26,"column":10},"end":{"line":26,"column":11}},"loc":{"start":{"line":26,"column":20},"end":{"line":26,"column":53}},"line":26}},"branchMap":{"0":{"loc":{"start":{"line":12,"column":9},"end":{"line":12,"column":70}},"type":"binary-expr","locations":[{"start":{"line":12,"column":9},"end":{"line":12,"column":38}},{"start":{"line":12,"column":42},"end":{"line":12,"column":70}}],"line":12},"1":{"loc":{"start":{"line":15,"column":50},"end":{"line":15,"column":65}},"type":"default-arg","locations":[{"start":{"line":15,"column":63},"end":{"line":15,"column":65}}],"line":15},"2":{"loc":{"start":{"line":17,"column":16},"end":{"line":17,"column":42}},"type":"binary-expr","locations":[{"start":{"line":17,"column":16},"end":{"line":17,"column":36}},{"start":{"line":17,"column":40},"end":{"line":17,"column":42}}],"line":17},"3":{"loc":{"start":{"line":21,"column":13},"end":{"line":23,"column":11}},"type":"cond-expr","locations":[{"start":{"line":22,"column":6},"end":{"line":22,"column":null}},{"start":{"line":23,"column":6},"end":{"line":23,"column":11}}],"line":21},"4":{"loc":{"start":{"line":24,"column":2},"end":{"line":24,"column":null}},"type":"if","locations":[{"start":{"line":24,"column":2},"end":{"line":24,"column":null}},{"start":{},"end":{}}],"line":24},"5":{"loc":{"start":{"line":26,"column":21},"end":{"line":26,"column":34}},"type":"binary-expr","locations":[{"start":{"line":26,"column":21},"end":{"line":26,"column":29}},{"start":{"line":26,"column":33},"end":{"line":26,"column":34}}],"line":26},"6":{"loc":{"start":{"line":26,"column":39},"end":{"line":26,"column":52}},"type":"binary-expr","locations":[{"start":{"line":26,"column":39},"end":{"line":26,"column":47}},{"start":{"line":26,"column":51},"end":{"line":26,"column":52}}],"line":26}},"s":{"0":1,"1":19,"2":9,"3":9,"4":9,"5":31,"6":19,"7":9,"8":48,"9":9,"10":2,"11":9,"12":130,"13":1},"f":{"0":19,"1":9,"2":31,"3":19,"4":48,"5":130},"b":{"0":[19,3],"1":[9],"2":[9,0],"3":[7,2],"4":[2,7],"5":[130,1],"6":[130,0]},"meta":{"lastBranch":7,"lastFunction":6,"lastStatement":14,"seen":{"s:1:29:9:1":0,"f:11:16:11:32":0,"s:12:2:12:Infinity":1,"b:12:9:12:38:12:42:12:70":0,"f:15:16:15:33":1,"b:15:63:15:65":1,"s:16:17:16:42":2,"s:17:16:17:42":3,"b:17:16:17:36:17:40:17:42":2,"s:18:16:20:3":4,"f:19:22:19:23":2,"s:19:29:19:51":5,"f:19:57:19:58":3,"s:19:64:19:68":6,"s:21:13:23:11":7,"b:22:6:22:Infinity:23:6:23:11":3,"f:22:19:22:20":4,"s:22:26:22:49":8,"b:24:2:24:Infinity:undefined:undefined:undefined:undefined":4,"s:24:2:24:Infinity":9,"s:24:25:24:Infinity":10,"s:25:2:27:Infinity":11,"f:26:10:26:11":5,"s:26:20:26:53":12,"b:26:21:26:29:26:33:26:34":5,"b:26:39:26:47:26:51:26:52":6,"s:30:28:30:61":13}}}
,"E:\\xiangmu\\WebYingYongProjects\\daxiangmu\\frontend\\src\\utils\\notify.js": {"path":"E:\\xiangmu\\WebYingYongProjects\\daxiangmu\\frontend\\src\\utils\\notify.js","statementMap":{"0":{"start":{"line":4,"column":15},"end":{"line":4,"column":73}},"1":{"start":{"line":5,"column":2},"end":{"line":5,"column":22}},"2":{"start":{"line":9,"column":2},"end":{"line":9,"column":24}}},"fnMap":{"0":{"name":"notifyError","decl":{"start":{"line":3,"column":16},"end":{"line":3,"column":27}},"loc":{"start":{"line":3,"column":52},"end":{"line":6,"column":1}},"line":3},"1":{"name":"notifySuccess","decl":{"start":{"line":8,"column":16},"end":{"line":8,"column":29}},"loc":{"start":{"line":8,"column":36},"end":{"line":10,"column":1}},"line":8}},"branchMap":{"0":{"loc":{"start":{"line":3,"column":33},"end":{"line":3,"column":50}},"type":"default-arg","locations":[{"start":{"line":3,"column":44},"end":{"line":3,"column":50}}],"line":3},"1":{"loc":{"start":{"line":4,"column":15},"end":{"line":4,"column":73}},"type":"binary-expr","locations":[{"start":{"line":4,"column":15},"end":{"line":4,"column":27}},{"start":{"line":4,"column":32},"end":{"line":4,"column":72}}],"line":4},"2":{"loc":{"start":{"line":4,"column":32},"end":{"line":4,"column":72}},"type":"cond-expr","locations":[{"start":{"line":4,"column":58},"end":{"line":4,"column":61}},{"start":{"line":4,"column":64},"end":{"line":4,"column":72}}],"line":4}},"s":{"0":8,"1":8,"2":2},"f":{"0":8,"1":2},"b":{"0":[8],"1":[8,6],"2":[1,5]},"meta":{"lastBranch":3,"lastFunction":2,"lastStatement":3,"seen":{"f:3:16:3:27":0,"b:3:44:3:50":0,"s:4:15:4:73":0,"b:4:15:4:27:4:32:4:72":1,"b:4:58:4:61:4:64:4:72":2,"s:5:2:5:22":1,"f:8:16:8:29":1,"s:9:2:9:24":2}}}
,"E:\\xiangmu\\WebYingYongProjects\\daxiangmu\\frontend\\src\\utils\\userDisplay.js": {"path":"E:\\xiangmu\\WebYingYongProjects\\daxiangmu\\frontend\\src\\utils\\userDisplay.js","statementMap":{"0":{"start":{"line":3,"column":2},"end":{"line":3,"column":89}},"1":{"start":{"line":3,"column":74},"end":{"line":3,"column":89}},"2":{"start":{"line":4,"column":2},"end":{"line":4,"column":16}},"3":{"start":{"line":9,"column":2},"end":{"line":9,"column":100}},"4":{"start":{"line":9,"column":84},"end":{"line":9,"column":100}},"5":{"start":{"line":10,"column":2},"end":{"line":10,"column":20}},"6":{"start":{"line":14,"column":2},"end":{"line":14,"column":24}},"7":{"start":{"line":14,"column":14},"end":{"line":14,"column":24}},"8":{"start":{"line":15,"column":12},"end":{"line":15,"column":25}},"9":{"start":{"line":16,"column":2},"end":{"line":18,"column":3}},"10":{"start":{"line":17,"column":4},"end":{"line":17,"column":44}},"11":{"start":{"line":19,"column":2},"end":{"line":19,"column":11}},"12":{"start":{"line":24,"column":2},"end":{"line":24,"column":22}},"13":{"start":{"line":24,"column":12},"end":{"line":24,"column":22}},"14":{"start":{"line":25,"column":21},"end":{"line":25,"column":49}},"15":{"start":{"line":26,"column":2},"end":{"line":26,"column":58}},"16":{"start":{"line":26,"column":40},"end":{"line":26,"column":58}},"17":{"start":{"line":27,"column":2},"end":{"line":27,"column":13}}},"fnMap":{"0":{"name":"normalizeRole","decl":{"start":{"line":2,"column":16},"end":{"line":2,"column":29}},"loc":{"start":{"line":2,"column":36},"end":{"line":5,"column":1}},"line":2},"1":{"name":"normalizeStatus","decl":{"start":{"line":8,"column":16},"end":{"line":8,"column":31}},"loc":{"start":{"line":8,"column":40},"end":{"line":11,"column":1}},"line":8},"2":{"name":"formatDateTime","decl":{"start":{"line":13,"column":16},"end":{"line":13,"column":30}},"loc":{"start":{"line":13,"column":38},"end":{"line":20,"column":1}},"line":13},"3":{"name":"translateOrRaw","decl":{"start":{"line":23,"column":16},"end":{"line":23,"column":30}},"loc":{"start":{"line":23,"column":44},"end":{"line":28,"column":1}},"line":23}},"branchMap":{"0":{"loc":{"start":{"line":3,"column":2},"end":{"line":3,"column":89}},"type":"if","locations":[{"start":{"line":3,"column":2},"end":{"line":3,"column":89}},{"start":{},"end":{}}],"line":3},"1":{"loc":{"start":{"line":3,"column":6},"end":{"line":3,"column":72}},"type":"binary-expr","locations":[{"start":{"line":3,"column":6},"end":{"line":3,"column":16}},{"start":{"line":3,"column":20},"end":{"line":3,"column":32}},{"start":{"line":3,"column":36},"end":{"line":3,"column":52}},{"start":{"line":3,"column":56},"end":{"line":3,"column":72}}],"line":3},"2":{"loc":{"start":{"line":9,"column":2},"end":{"line":9,"column":100}},"type":"if","locations":[{"start":{"line":9,"column":2},"end":{"line":9,"column":100}},{"start":{},"end":{}}],"line":9},"3":{"loc":{"start":{"line":9,"column":6},"end":{"line":9,"column":82}},"type":"binary-expr","locations":[{"start":{"line":9,"column":6},"end":{"line":9,"column":18}},{"start":{"line":9,"column":22},"end":{"line":9,"column":36}},{"start":{"line":9,"column":40},"end":{"line":9,"column":59}},{"start":{"line":9,"column":63},"end":{"line":9,"column":82}}],"line":9},"4":{"loc":{"start":{"line":14,"column":2},"end":{"line":14,"column":24}},"type":"if","locations":[{"start":{"line":14,"column":2},"end":{"line":14,"column":24}},{"start":{},"end":{}}],"line":14},"5":{"loc":{"start":{"line":16,"column":2},"end":{"line":18,"column":3}},"type":"if","locations":[{"start":{"line":16,"column":2},"end":{"line":18,"column":3}},{"start":{},"end":{}}],"line":16},"6":{"loc":{"start":{"line":24,"column":2},"end":{"line":24,"column":22}},"type":"if","locations":[{"start":{"line":24,"column":2},"end":{"line":24,"column":22}},{"start":{},"end":{}}],"line":24},"7":{"loc":{"start":{"line":26,"column":2},"end":{"line":26,"column":58}},"type":"if","locations":[{"start":{"line":26,"column":2},"end":{"line":26,"column":58}},{"start":{},"end":{}}],"line":26},"8":{"loc":{"start":{"line":26,"column":6},"end":{"line":26,"column":38}},"type":"binary-expr","locations":[{"start":{"line":26,"column":6},"end":{"line":26,"column":16}},{"start":{"line":26,"column":20},"end":{"line":26,"column":38}}],"line":26}},"s":{"0":10,"1":4,"2":6,"3":8,"4":4,"5":4,"6":7,"7":4,"8":3,"9":3,"10":1,"11":2,"12":6,"13":3,"14":3,"15":3,"16":1,"17":2},"f":{"0":10,"1":8,"2":7,"3":6},"b":{"0":[4,6],"1":[10,9,8,7],"2":[4,4],"3":[8,7,6,5],"4":[4,3],"5":[1,2],"6":[3,3],"7":[1,2],"8":[3,2]},"meta":{"lastBranch":9,"lastFunction":4,"lastStatement":18,"seen":{"f:2:16:2:29":0,"b:3:2:3:89:undefined:undefined:undefined:undefined":0,"s:3:2:3:89":0,"b:3:6:3:16:3:20:3:32:3:36:3:52:3:56:3:72":1,"s:3:74:3:89":1,"s:4:2:4:16":2,"f:8:16:8:31":1,"b:9:2:9:100:undefined:undefined:undefined:undefined":2,"s:9:2:9:100":3,"b:9:6:9:18:9:22:9:36:9:40:9:59:9:63:9:82":3,"s:9:84:9:100":4,"s:10:2:10:20":5,"f:13:16:13:30":2,"b:14:2:14:24:undefined:undefined:undefined:undefined":4,"s:14:2:14:24":6,"s:14:14:14:24":7,"s:15:12:15:25":8,"b:16:2:18:3:undefined:undefined:undefined:undefined":5,"s:16:2:18:3":9,"s:17:4:17:44":10,"s:19:2:19:11":11,"f:23:16:23:30":3,"b:24:2:24:22:undefined:undefined:undefined:undefined":6,"s:24:2:24:22":12,"s:24:12:24:22":13,"s:25:21:25:49":14,"b:26:2:26:58:undefined:undefined:undefined:undefined":7,"s:26:2:26:58":15,"b:26:6:26:16:26:20:26:38":8,"s:26:40:26:58":16,"s:27:2:27:13":17}}}
}
